Started redis-server AliasDb_0 on node005:50720
Started redis-server AliasDb_1 on node005:50721
Started redis-server AliasDb_2 on node005:50722
Started redis-server AliasDb_3 on node005:50723
Started redis-server AliasDb_4 on node004:50720
Started redis-server AliasDb_5 on node004:50721
Started redis-server AliasDb_6 on node004:50722
Started redis-server AliasDb_7 on node004:50723
Started redis-server AliasDb_8 on node003:50720
Started redis-server AliasDb_9 on node003:50721
Started redis-server AliasDb_10 on node003:50722
Started redis-server AliasDb_11 on node003:50723
Started redis-server AliasDb_12 on node002:50720
Started redis-server AliasDb_13 on node002:50721
Started redis-server AliasDb_14 on node002:50722
Started redis-server AliasDb_15 on node002:50723
Started redis-server AliasDb_16 on node007:50720
Started redis-server AliasDb_17 on node007:50721
Started redis-server AliasDb_18 on node007:50722
Started redis-server AliasDb_19 on node007:50723
Started redis-server AliasDb_20 on node006:50720
Started redis-server AliasDb_21 on node006:50721
Started redis-server AliasDb_22 on node006:50722
Started redis-server AliasDb_23 on node006:50723
Started redis-server AliasDb_24 on node001:50720
Started redis-server AliasDb_25 on node001:50721
Started redis-server AliasDb_26 on node001:50722
Started redis-server AliasDb_27 on node001:50723
Started redis-server AliasDb_28 on 127.0.0.1:50720
Started redis-server TripleDb_0 on node005:50820
Started redis-server TripleDb_1 on node005:50821
Started redis-server TripleDb_2 on node005:50822
Started redis-server TripleDb_3 on node005:50823
Started redis-server TripleDb_4 on node004:50820
Started redis-server TripleDb_5 on node004:50821
Started redis-server TripleDb_6 on node004:50822
Started redis-server TripleDb_7 on node004:50823
Started redis-server TripleDb_8 on node003:50820
Started redis-server TripleDb_9 on node003:50821
Started redis-server TripleDb_10 on node003:50822
Started redis-server TripleDb_11 on node003:50823
Started redis-server TripleDb_12 on node002:50820
Started redis-server TripleDb_13 on node002:50821
Started redis-server TripleDb_14 on node002:50822
Started redis-server TripleDb_15 on node002:50823
Started redis-server TripleDb_16 on node007:50820
Started redis-server TripleDb_17 on node007:50821
Started redis-server TripleDb_18 on node007:50822
Started redis-server TripleDb_19 on node007:50823
Started redis-server TripleDb_20 on node006:50820
Started redis-server TripleDb_21 on node006:50821
Started redis-server TripleDb_22 on node006:50822
Started redis-server TripleDb_23 on node006:50823
Started redis-server TripleDb_24 on node001:50820
Started redis-server TripleDb_25 on node001:50821
Started redis-server TripleDb_26 on node001:50822
Started redis-server TripleDb_27 on node001:50823
Started redis-server TripleDb_28 on 127.0.0.1:50820
unlimited
unlimited
unlimited
unlimited
unlimited
unlimited
unlimited
unlimited
Loading triple data from /scratch/sgeadmin/BSBM10M/dataset1.nt
Loading triples from /scratch/sgeadmin/BSBM10M/dataset1.nt
Loading triple data from /scratch/sgeadmin/BSBM10M/dataset8.nt
Loading triples from /scratch/sgeadmin/BSBM10M/dataset8.nt
Loading triple data from /scratch/sgeadmin/BSBM10M/dataset4.nt
Loading triples from /scratch/sgeadmin/BSBM10M/dataset4.nt
Loading triple data from /scratch/sgeadmin/BSBM10M/dataset7.nt
Loading triples from /scratch/sgeadmin/BSBM10M/dataset7.nt
Loading triple data from /scratch/sgeadmin/BSBM10M/dataset5.nt
Loading triples from /scratch/sgeadmin/BSBM10M/dataset5.nt
Loading triple data from /scratch/sgeadmin/BSBM10M/dataset2.nt
Loading triples from /scratch/sgeadmin/BSBM10M/dataset2.nt
Loading triple data from /scratch/sgeadmin/BSBM10M/dataset3.nt
Loading triples from /scratch/sgeadmin/BSBM10M/dataset3.nt
master: loadedTripleCount is 101500
Loading triple data from /scratch/sgeadmin/BSBM10M/dataset6.nt
Loading triples from /scratch/sgeadmin/BSBM10M/dataset6.nt
node007: loadedTripleCount is 101500
master: loadedTripleCount is 200100
node003: loadedTripleCount is 101500
node006: loadedTripleCount is 101500
node002: loadedTripleCount is 101500
master: loadedTripleCount is 301600
node004: loadedTripleCount is 101500
node007: loadedTripleCount is 200100
node001: loadedTripleCount is 101500
node005: loadedTripleCount is 101500
master: loadedTripleCount is 400200
node003: loadedTripleCount is 200100
node002: loadedTripleCount is 200100
node007: loadedTripleCount is 301600
node006: loadedTripleCount is 200100
node001: loadedTripleCount is 200100
node004: loadedTripleCount is 200100
node005: loadedTripleCount is 200100
master: loadedTripleCount is 501700
node002: loadedTripleCount is 301600
node003: loadedTripleCount is 301600
node007: loadedTripleCount is 400200
node006: loadedTripleCount is 301600
node001: loadedTripleCount is 301600
master: loadedTripleCount is 600300
node004: loadedTripleCount is 301600
node005: loadedTripleCount is 301600
node002: loadedTripleCount is 400200
node003: loadedTripleCount is 400200
node007: loadedTripleCount is 501700
node006: loadedTripleCount is 400200
master: loadedTripleCount is 701800
node001: loadedTripleCount is 400200
node002: loadedTripleCount is 501700
node005: loadedTripleCount is 400200
node004: loadedTripleCount is 400200
node007: loadedTripleCount is 600300
node003: loadedTripleCount is 501700
master: loadedTripleCount is 800400
node006: loadedTripleCount is 501700
node002: loadedTripleCount is 600300
node001: loadedTripleCount is 501700
node005: loadedTripleCount is 501700
node004: loadedTripleCount is 501700
master: loadedTripleCount is 901900
node003: loadedTripleCount is 600300
node007: loadedTripleCount is 701800
node002: loadedTripleCount is 701800
master: loadedTripleCount is 1000500
node006: loadedTripleCount is 600300
node001: loadedTripleCount is 600300
node005: loadedTripleCount is 600300
master: loadedTripleCount is 1102000
node004: loadedTripleCount is 600300
node003: loadedTripleCount is 701800
node002: loadedTripleCount is 800400
node007: loadedTripleCount is 800400
master: loadedTripleCount is 1200600
Finished inserting - waiting for threadpool to catch up
Loaded 1272224 triples.
Finished loading data in 55.382 secs
node006: loadedTripleCount is 701800
node005: loadedTripleCount is 701800
node001: loadedTripleCount is 701800
node002: loadedTripleCount is 901900
node007: loadedTripleCount is 901900
node004: loadedTripleCount is 701800
node003: loadedTripleCount is 800400
node007: loadedTripleCount is 1000500
node002: loadedTripleCount is 1000500
node006: loadedTripleCount is 800400
node005: loadedTripleCount is 800400
node001: loadedTripleCount is 800400
node007: loadedTripleCount is 1102000
node002: loadedTripleCount is 1102000
node003: loadedTripleCount is 901900
node004: loadedTripleCount is 800400
node007: loadedTripleCount is 1200600
node006: loadedTripleCount is 901900
node005: loadedTripleCount is 901900
node001: loadedTripleCount is 901900
node003: loadedTripleCount is 1000500
node002: loadedTripleCount is 1200600
Finished inserting - waiting for threadpool to catch up
Loaded 1270948 triples.
Finished loading data in 71.824 secs
node004: loadedTripleCount is 901900
Finished inserting - waiting for threadpool to catch up
Loaded 1272448 triples.
Finished loading data in 72.239 secs
node005: loadedTripleCount is 1000500
node006: loadedTripleCount is 1000500
node003: loadedTripleCount is 1102000
node001: loadedTripleCount is 1000500
node004: loadedTripleCount is 1000500
node006: loadedTripleCount is 1102000
node005: loadedTripleCount is 1102000
node003: loadedTripleCount is 1200600
node001: loadedTripleCount is 1102000
node004: loadedTripleCount is 1102000
Finished inserting - waiting for threadpool to catch up
Loaded 1271450 triples.
Finished loading data in 82.99 secs
node006: loadedTripleCount is 1200600
node005: loadedTripleCount is 1200600
node001: loadedTripleCount is 1200600
node004: loadedTripleCount is 1200600
Finished inserting - waiting for threadpool to catch up
Finished inserting - waiting for threadpool to catch up
Loaded 1273832 triples.
Finished loading data in 83.861 secs
Loaded 1270232 triples.
Finished loading data in 87.051 secs
Finished inserting - waiting for threadpool to catch up
Loaded 1275730 triples.
Finished loading data in 86.976 secs
Finished inserting - waiting for threadpool to catch up
Loaded 1274155 triples.
Finished loading data in 87.929 secs

real	1m30.396s
user	0m0.048s
sys	0m0.052s
