Started redis-server AliasDb_0 on master:50720
Started redis-server AliasDb_1 on master:50721
Started redis-server AliasDb_2 on master:50722
Started redis-server AliasDb_3 on master:50723
Started redis-server AliasDb_4 on master:50724
Started redis-server AliasDb_5 on master:50725
Started redis-server AliasDb_6 on master:50726
Started redis-server AliasDb_7 on master:50727
Started redis-server AliasDb_8 on master:50728
Started redis-server AliasDb_9 on master:50729
Started redis-server AliasDb_10 on master:50730
Started redis-server AliasDb_11 on master:50731
Started redis-server AliasDb_12 on master:50732
Started redis-server AliasDb_13 on master:50733
Started redis-server AliasDb_14 on master:50734
Started redis-server AliasDb_15 on master:50735
Started redis-server AliasDb_16 on master:50736
Started redis-server AliasDb_17 on master:50737
Started redis-server AliasDb_18 on master:50738
Started redis-server AliasDb_19 on master:50739
Started redis-server AliasDb_20 on master:50740
Started redis-server AliasDb_21 on master:50741
Started redis-server AliasDb_22 on master:50742
Started redis-server AliasDb_23 on master:50743
Started redis-server AliasDb_24 on master:50744
Started redis-server AliasDb_25 on master:50745
Started redis-server AliasDb_26 on master:50746
Started redis-server AliasDb_27 on master:50747
Started redis-server AliasDb_28 on master:50748
Started redis-server AliasDb_29 on master:50749
Started redis-server AliasDb_30 on master:50750
Started redis-server AliasDb_31 on master:50751
Started redis-server TripleDb_0 on master:50820
Started redis-server TripleDb_1 on master:50821
Started redis-server TripleDb_2 on master:50822
Started redis-server TripleDb_3 on master:50823
Started redis-server TripleDb_4 on master:50824
Started redis-server TripleDb_5 on master:50825
Started redis-server TripleDb_6 on master:50826
Started redis-server TripleDb_7 on master:50827
Started redis-server TripleDb_8 on master:50828
Started redis-server TripleDb_9 on master:50829
Started redis-server TripleDb_10 on master:50830
Started redis-server TripleDb_11 on master:50831
Started redis-server TripleDb_12 on master:50832
Started redis-server TripleDb_13 on master:50833
Started redis-server TripleDb_14 on master:50834
Started redis-server TripleDb_15 on master:50835
Started redis-server TripleDb_16 on master:50836
Started redis-server TripleDb_17 on master:50837
Started redis-server TripleDb_18 on master:50838
Started redis-server TripleDb_19 on master:50839
Started redis-server TripleDb_20 on master:50840
Started redis-server TripleDb_21 on master:50841
Started redis-server TripleDb_22 on master:50842
Started redis-server TripleDb_23 on master:50843
Started redis-server TripleDb_24 on master:50844
Started redis-server TripleDb_25 on master:50845
Started redis-server TripleDb_26 on master:50846
Started redis-server TripleDb_27 on master:50847
Started redis-server TripleDb_28 on master:50848
Started redis-server TripleDb_29 on master:50849
Started redis-server TripleDb_30 on master:50850
Started redis-server TripleDb_31 on master:50851
Loading triple data from /scratch/sgeadmin/BSBM10M/dataset4.nt
Loading triples from /scratch/sgeadmin/BSBM10M/dataset4.nt
Loading triple data from /scratch/sgeadmin/BSBM10M/dataset5.nt
Loading triples from /scratch/sgeadmin/BSBM10M/dataset5.nt
Loading triple data from /scratch/sgeadmin/BSBM10M/dataset1.nt
Loading triples from /scratch/sgeadmin/BSBM10M/dataset1.nt
Loading triple data from /scratch/sgeadmin/BSBM10M/dataset2.nt
Loading triples from /scratch/sgeadmin/BSBM10M/dataset2.nt
Loading triple data from /scratch/sgeadmin/BSBM10M/dataset8.nt
Loading triples from /scratch/sgeadmin/BSBM10M/dataset8.nt
Loading triple data from /scratch/sgeadmin/BSBM10M/dataset6.nt
Loading triples from /scratch/sgeadmin/BSBM10M/dataset6.nt
Loading triple data from /scratch/sgeadmin/BSBM10M/dataset3.nt
Loading triples from /scratch/sgeadmin/BSBM10M/dataset3.nt
Loading triple data from /scratch/sgeadmin/BSBM10M/dataset7.nt
Loading triples from /scratch/sgeadmin/BSBM10M/dataset7.nt
master: loadedTripleCount is 102400
master: loadedTripleCount is 102400
master: loadedTripleCount is 102400
master: loadedTripleCount is 102400
master: loadedTripleCount is 102400
master: loadedTripleCount is 102400
master: loadedTripleCount is 102400
master: loadedTripleCount is 102400
master: loadedTripleCount is 201600
master: loadedTripleCount is 201600
master: loadedTripleCount is 201600
master: loadedTripleCount is 201600
master: loadedTripleCount is 201600
master: loadedTripleCount is 201600
master: loadedTripleCount is 201600
master: loadedTripleCount is 201600
master: loadedTripleCount is 300800
master: loadedTripleCount is 300800
master: loadedTripleCount is 300800
master: loadedTripleCount is 300800
master: loadedTripleCount is 300800
master: loadedTripleCount is 300800
master: loadedTripleCount is 300800
master: loadedTripleCount is 300800
master: loadedTripleCount is 400000
master: loadedTripleCount is 400000
master: loadedTripleCount is 400000
master: loadedTripleCount is 400000
master: loadedTripleCount is 400000
master: loadedTripleCount is 400000
master: loadedTripleCount is 400000
master: loadedTripleCount is 400000
master: loadedTripleCount is 502400
master: loadedTripleCount is 502400
master: loadedTripleCount is 502400
master: loadedTripleCount is 502400
master: loadedTripleCount is 502400
master: loadedTripleCount is 502400
master: loadedTripleCount is 502400
master: loadedTripleCount is 502400
master: loadedTripleCount is 601600
master: loadedTripleCount is 601600
master: loadedTripleCount is 601600
master: loadedTripleCount is 601600
master: loadedTripleCount is 601600
master: loadedTripleCount is 601600
master: loadedTripleCount is 601600
master: loadedTripleCount is 601600
master: loadedTripleCount is 700800
master: loadedTripleCount is 700800
master: loadedTripleCount is 700800
master: loadedTripleCount is 700800
master: loadedTripleCount is 700800
master: loadedTripleCount is 700800
master: loadedTripleCount is 700800
master: loadedTripleCount is 700800
master: loadedTripleCount is 800000
master: loadedTripleCount is 800000
master: loadedTripleCount is 800000
master: loadedTripleCount is 800000
master: loadedTripleCount is 800000
master: loadedTripleCount is 800000
master: loadedTripleCount is 800000
master: loadedTripleCount is 800000
master: loadedTripleCount is 902400
master: loadedTripleCount is 902400
master: loadedTripleCount is 902400
master: loadedTripleCount is 902400
master: loadedTripleCount is 902400
master: loadedTripleCount is 902400
master: loadedTripleCount is 902400
master: loadedTripleCount is 1001600
master: loadedTripleCount is 902400
master: loadedTripleCount is 1001600
master: loadedTripleCount is 1001600
master: loadedTripleCount is 1001600
master: loadedTripleCount is 1001600
master: loadedTripleCount is 1001600
master: loadedTripleCount is 1001600
master: loadedTripleCount is 1100800
master: loadedTripleCount is 1001600
master: loadedTripleCount is 1100800
master: loadedTripleCount is 1100800
master: loadedTripleCount is 1100800
master: loadedTripleCount is 1100800
master: loadedTripleCount is 1100800
master: loadedTripleCount is 1100800
master: loadedTripleCount is 1200000
master: loadedTripleCount is 1100800
Finished inserting - waiting for threadpool to catch up
Loaded 1271424 triples.
Finished loading data in 68.424 secs
master: loadedTripleCount is 1200000
master: loadedTripleCount is 1200000
master: loadedTripleCount is 1200000
master: loadedTripleCount is 1200000
master: loadedTripleCount is 1200000
master: loadedTripleCount is 1200000
master: loadedTripleCount is 1200000
Finished inserting - waiting for threadpool to catch up
Finished inserting - waiting for threadpool to catch up
Finished inserting - waiting for threadpool to catch up
Loaded 1272330 triples.
Finished loading data in 71.272 secs
Finished inserting - waiting for threadpool to catch up
Loaded 1270650 triples.
Finished loading data in 71.483 secs
Finished inserting - waiting for threadpool to catch up
Loaded 1276548 triples.
Loaded 1271510 triples.
Finished loading data in 71.473 secs
Finished loading data in 71.483 secs
Finished inserting - waiting for threadpool to catch up
Loaded 1272632 triples.
Finished loading data in 71.514 secs
Loaded 1273032 triples.
Finished loading data in 71.633 secs
Finished inserting - waiting for threadpool to catch up
Loaded 1271648 triples.
Finished loading data in 71.697 secs

real	1m12.328s
user	0m0.048s
sys	0m0.016s
