Started redis-server AliasDb_0 on node015:50720
Started redis-server AliasDb_1 on node015:50721
Started redis-server AliasDb_2 on node015:50722
Started redis-server AliasDb_3 on node015:50723
Started redis-server AliasDb_4 on node001:50720
Started redis-server AliasDb_5 on node001:50721
Started redis-server AliasDb_6 on node001:50722
Started redis-server AliasDb_7 on node001:50723
Started redis-server AliasDb_8 on node013:50720
Started redis-server AliasDb_9 on node013:50721
Started redis-server AliasDb_10 on node013:50722
Started redis-server AliasDb_11 on node013:50723
Started redis-server AliasDb_12 on node014:50720
Started redis-server AliasDb_13 on node014:50721
Started redis-server AliasDb_14 on node014:50722
Started redis-server AliasDb_15 on node014:50723
Started redis-server AliasDb_16 on node005:50720
Started redis-server AliasDb_17 on node005:50721
Started redis-server AliasDb_18 on node005:50722
Started redis-server AliasDb_19 on node005:50723
Started redis-server AliasDb_20 on node012:50720
Started redis-server AliasDb_21 on node012:50721
Started redis-server AliasDb_22 on node012:50722
Started redis-server AliasDb_23 on node012:50723
Started redis-server AliasDb_24 on node004:50720
Started redis-server AliasDb_25 on node004:50721
Started redis-server AliasDb_26 on node004:50722
Started redis-server AliasDb_27 on node004:50723
Started redis-server AliasDb_28 on node011:50720
Started redis-server AliasDb_29 on node011:50721
Started redis-server AliasDb_30 on node011:50722
Started redis-server AliasDb_31 on node011:50723
Started redis-server AliasDb_32 on node003:50720
Started redis-server AliasDb_33 on node003:50721
Started redis-server AliasDb_34 on node003:50722
Started redis-server AliasDb_35 on node003:50723
Started redis-server AliasDb_36 on node010:50720
Started redis-server AliasDb_37 on node010:50721
Started redis-server AliasDb_38 on node010:50722
Started redis-server AliasDb_39 on node010:50723
Started redis-server AliasDb_40 on node002:50720
Started redis-server AliasDb_41 on node002:50721
Started redis-server AliasDb_42 on node002:50722
Started redis-server AliasDb_43 on node002:50723
Started redis-server AliasDb_44 on node009:50720
Started redis-server AliasDb_45 on node009:50721
Started redis-server AliasDb_46 on node009:50722
Started redis-server AliasDb_47 on node009:50723
Started redis-server AliasDb_48 on node008:50720
Started redis-server AliasDb_49 on node008:50721
Started redis-server AliasDb_50 on node008:50722
Started redis-server AliasDb_51 on node008:50723
Started redis-server AliasDb_52 on node007:50720
Started redis-server AliasDb_53 on node007:50721
Started redis-server AliasDb_54 on node007:50722
Started redis-server AliasDb_55 on node007:50723
Started redis-server AliasDb_56 on node006:50720
Started redis-server AliasDb_57 on node006:50721
Started redis-server AliasDb_58 on node006:50722
Started redis-server AliasDb_59 on node006:50723
Started redis-server TripleDb_0 on node015:50820
Started redis-server TripleDb_1 on node015:50821
Started redis-server TripleDb_2 on node015:50822
Started redis-server TripleDb_3 on node015:50823
Started redis-server TripleDb_4 on node001:50820
Started redis-server TripleDb_5 on node001:50821
Started redis-server TripleDb_6 on node001:50822
Started redis-server TripleDb_7 on node001:50823
Started redis-server TripleDb_8 on node013:50820
Started redis-server TripleDb_9 on node013:50821
Started redis-server TripleDb_10 on node013:50822
Started redis-server TripleDb_11 on node013:50823
Started redis-server TripleDb_12 on node014:50820
Started redis-server TripleDb_13 on node014:50821
Started redis-server TripleDb_14 on node014:50822
Started redis-server TripleDb_15 on node014:50823
Started redis-server TripleDb_16 on node005:50820
Started redis-server TripleDb_17 on node005:50821
Started redis-server TripleDb_18 on node005:50822
Started redis-server TripleDb_19 on node005:50823
Started redis-server TripleDb_20 on node012:50820
Started redis-server TripleDb_21 on node012:50821
Started redis-server TripleDb_22 on node012:50822
Started redis-server TripleDb_23 on node012:50823
Started redis-server TripleDb_24 on node004:50820
Started redis-server TripleDb_25 on node004:50821
Started redis-server TripleDb_26 on node004:50822
Started redis-server TripleDb_27 on node004:50823
Started redis-server TripleDb_28 on node011:50820
Started redis-server TripleDb_29 on node011:50821
Started redis-server TripleDb_30 on node011:50822
Started redis-server TripleDb_31 on node011:50823
Started redis-server TripleDb_32 on node003:50820
Started redis-server TripleDb_33 on node003:50821
Started redis-server TripleDb_34 on node003:50822
Started redis-server TripleDb_35 on node003:50823
Started redis-server TripleDb_36 on node010:50820
Started redis-server TripleDb_37 on node010:50821
Started redis-server TripleDb_38 on node010:50822
Started redis-server TripleDb_39 on node010:50823
Started redis-server TripleDb_40 on node002:50820
Started redis-server TripleDb_41 on node002:50821
Started redis-server TripleDb_42 on node002:50822
Started redis-server TripleDb_43 on node002:50823
Started redis-server TripleDb_44 on node009:50820
Started redis-server TripleDb_45 on node009:50821
Started redis-server TripleDb_46 on node009:50822
Started redis-server TripleDb_47 on node009:50823
Started redis-server TripleDb_48 on node008:50820
Started redis-server TripleDb_49 on node008:50821
Started redis-server TripleDb_50 on node008:50822
Started redis-server TripleDb_51 on node008:50823
Started redis-server TripleDb_52 on node007:50820
Started redis-server TripleDb_53 on node007:50821
Started redis-server TripleDb_54 on node007:50822
Started redis-server TripleDb_55 on node007:50823
Started redis-server TripleDb_56 on node006:50820
Started redis-server TripleDb_57 on node006:50821
Started redis-server TripleDb_58 on node006:50822
Started redis-server TripleDb_59 on node006:50823
unlimited
unlimited
unlimited
unlimited
unlimited
unlimited
unlimited
Loading triple data from /scratch/sgeadmin/BSBM10M/dataset4.nt
Loading triples from /scratch/sgeadmin/BSBM10M/dataset4.nt
Loading triple data from /scratch/sgeadmin/BSBM10M/dataset8.nt
Loading triples from /scratch/sgeadmin/BSBM10M/dataset8.nt
Loading triple data from /scratch/sgeadmin/BSBM10M/dataset6.nt
Loading triples from /scratch/sgeadmin/BSBM10M/dataset6.nt
unlimited
Loading triple data from /scratch/sgeadmin/BSBM10M/dataset5.nt
Loading triples from /scratch/sgeadmin/BSBM10M/dataset5.nt
Loading triple data from /scratch/sgeadmin/BSBM10M/dataset3.nt
Loading triples from /scratch/sgeadmin/BSBM10M/dataset3.nt
Loading triple data from /scratch/sgeadmin/BSBM10M/dataset7.nt
Loading triples from /scratch/sgeadmin/BSBM10M/dataset7.nt
Loading triple data from /scratch/sgeadmin/BSBM10M/dataset2.nt
Loading triples from /scratch/sgeadmin/BSBM10M/dataset2.nt
Loading triple data from /scratch/sgeadmin/BSBM10M/dataset1.nt
Loading triples from /scratch/sgeadmin/BSBM10M/dataset1.nt
node006: loadedTripleCount is 102000
master: loadedTripleCount is 102000
node005: loadedTripleCount is 102000
node001: loadedTripleCount is 102000
node007: loadedTripleCount is 102000
node004: loadedTripleCount is 102000
node003: loadedTripleCount is 102000
node002: loadedTripleCount is 102000
node007: loadedTripleCount is 204000
node005: loadedTripleCount is 204000
node006: loadedTripleCount is 204000
master: loadedTripleCount is 204000
node003: loadedTripleCount is 204000
node003: loadedTripleCount is 210000
node001: loadedTripleCount is 204000
node002: loadedTripleCount is 204000
node004: loadedTripleCount is 204000
node007: loadedTripleCount is 300000
node005: loadedTripleCount is 300000
node006: loadedTripleCount is 300000
master: loadedTripleCount is 300000
node001: loadedTripleCount is 300000
node004: loadedTripleCount is 300000
node002: loadedTripleCount is 300000
node007: loadedTripleCount is 402000
node003: loadedTripleCount is 402000
node005: loadedTripleCount is 402000
node006: loadedTripleCount is 402000
master: loadedTripleCount is 402000
node001: loadedTripleCount is 402000
node003: loadedTripleCount is 504000
node002: loadedTripleCount is 402000
node007: loadedTripleCount is 504000
node004: loadedTripleCount is 402000
node005: loadedTripleCount is 504000
node006: loadedTripleCount is 504000
node003: loadedTripleCount is 600000
master: loadedTripleCount is 504000
node007: loadedTripleCount is 600000
node001: loadedTripleCount is 504000
node002: loadedTripleCount is 504000
node004: loadedTripleCount is 504000
node005: loadedTripleCount is 600000
node003: loadedTripleCount is 702000
node006: loadedTripleCount is 600000
node007: loadedTripleCount is 702000
node001: loadedTripleCount is 600000
master: loadedTripleCount is 600000
node002: loadedTripleCount is 600000
node003: loadedTripleCount is 804000
node005: loadedTripleCount is 702000
node004: loadedTripleCount is 600000
node006: loadedTripleCount is 702000
node003: loadedTripleCount is 900000
node007: loadedTripleCount is 804000
node001: loadedTripleCount is 702000
master: loadedTripleCount is 702000
node002: loadedTripleCount is 702000
node005: loadedTripleCount is 804000
node003: loadedTripleCount is 1002000
node007: loadedTripleCount is 900000
node004: loadedTripleCount is 702000
node006: loadedTripleCount is 804000
node003: loadedTripleCount is 1104000
node005: loadedTripleCount is 900000
node007: loadedTripleCount is 1002000
node001: loadedTripleCount is 804000
node005: loadedTripleCount is 1002000
node006: loadedTripleCount is 900000
node002: loadedTripleCount is 804000
master: loadedTripleCount is 804000
node007: loadedTripleCount is 1104000
node004: loadedTripleCount is 804000
node003: loadedTripleCount is 1200000
Finished inserting - waiting for threadpool to catch up
node005: loadedTripleCount is 1104000
node001: loadedTripleCount is 900000
Loaded 1269450 triples.
Finished loading data in 54.782 secs
node006: loadedTripleCount is 1002000
node002: loadedTripleCount is 900000
master: loadedTripleCount is 900000
node007: loadedTripleCount is 1200000
Finished inserting - waiting for threadpool to catch up
node004: loadedTripleCount is 900000
Loaded 1268948 triples.
Finished loading data in 58.699 secs
node005: loadedTripleCount is 1200000
node006: loadedTripleCount is 1104000
node001: loadedTripleCount is 1002000
node002: loadedTripleCount is 1002000
Finished inserting - waiting for threadpool to catch up
master: loadedTripleCount is 1002000
Loaded 1271832 triples.
Finished loading data in 61.246 secs
node004: loadedTripleCount is 1002000
node006: loadedTripleCount is 1200000
Finished inserting - waiting for threadpool to catch up
node001: loadedTripleCount is 1104000
node002: loadedTripleCount is 1104000
Loaded 1268232 triples.
Finished loading data in 64.758 secs
master: loadedTripleCount is 1104000
node004: loadedTripleCount is 1104000
node001: loadedTripleCount is 1200000
node002: loadedTripleCount is 1200000
Finished inserting - waiting for threadpool to catch up
master: loadedTripleCount is 1200000
Loaded 1267930 triples.
Finished loading data in 68.029 secs
Finished inserting - waiting for threadpool to catch up
Loaded 1270448 triples.
Finished loading data in 68.645 secs
Finished inserting - waiting for threadpool to catch up
Loaded 1270224 triples.
Finished loading data in 68.379 secs
node004: loadedTripleCount is 1200000
Finished inserting - waiting for threadpool to catch up
Loaded 1270310 triples.
Finished loading data in 69.887 secs

real	1m10.910s
user	0m0.060s
sys	0m0.060s
