Started redis-server AliasDb_0 on node005:50720
Started redis-server AliasDb_1 on node005:50721
Started redis-server AliasDb_2 on node005:50722
Started redis-server AliasDb_3 on node005:50723
Started redis-server AliasDb_4 on node004:50720
Started redis-server AliasDb_5 on node004:50721
Started redis-server AliasDb_6 on node004:50722
Started redis-server AliasDb_7 on node004:50723
Started redis-server AliasDb_8 on node003:50720
Started redis-server AliasDb_9 on node003:50721
Started redis-server AliasDb_10 on node003:50722
Started redis-server AliasDb_11 on node003:50723
Started redis-server AliasDb_12 on node002:50720
Started redis-server AliasDb_13 on node002:50721
Started redis-server AliasDb_14 on node002:50722
Started redis-server AliasDb_15 on node002:50723
Started redis-server AliasDb_16 on node007:50720
Started redis-server AliasDb_17 on node007:50721
Started redis-server AliasDb_18 on node007:50722
Started redis-server AliasDb_19 on node007:50723
Started redis-server AliasDb_20 on node006:50720
Started redis-server AliasDb_21 on node006:50721
Started redis-server AliasDb_22 on node006:50722
Started redis-server AliasDb_23 on node006:50723
Started redis-server AliasDb_24 on node001:50720
Started redis-server AliasDb_25 on node001:50721
Started redis-server AliasDb_26 on node001:50722
Started redis-server AliasDb_27 on node001:50723
Started redis-server AliasDb_28 on master:50720
Started redis-server TripleDb_0 on node005:50820
Started redis-server TripleDb_1 on node005:50821
Started redis-server TripleDb_2 on node005:50822
Started redis-server TripleDb_3 on node005:50823
Started redis-server TripleDb_4 on node004:50820
Started redis-server TripleDb_5 on node004:50821
Started redis-server TripleDb_6 on node004:50822
Started redis-server TripleDb_7 on node004:50823
Started redis-server TripleDb_8 on node003:50820
Started redis-server TripleDb_9 on node003:50821
Started redis-server TripleDb_10 on node003:50822
Started redis-server TripleDb_11 on node003:50823
Started redis-server TripleDb_12 on node002:50820
Started redis-server TripleDb_13 on node002:50821
Started redis-server TripleDb_14 on node002:50822
Started redis-server TripleDb_15 on node002:50823
Started redis-server TripleDb_16 on node007:50820
Started redis-server TripleDb_17 on node007:50821
Started redis-server TripleDb_18 on node007:50822
Started redis-server TripleDb_19 on node007:50823
Started redis-server TripleDb_20 on node006:50820
Started redis-server TripleDb_21 on node006:50821
Started redis-server TripleDb_22 on node006:50822
Started redis-server TripleDb_23 on node006:50823
Started redis-server TripleDb_24 on node001:50820
Started redis-server TripleDb_25 on node001:50821
Started redis-server TripleDb_26 on node001:50822
Started redis-server TripleDb_27 on node001:50823
Started redis-server TripleDb_28 on master:50820
unlimited
unlimited
unlimited
unlimited
unlimited
unlimited
unlimited
unlimited
Loading triple data from /scratch/sgeadmin/BSBM100M/dataset1.nt
Loading triples from /scratch/sgeadmin/BSBM100M/dataset1.nt
Loading triple data from /scratch/sgeadmin/BSBM100M/dataset8.nt
Loading triples from /scratch/sgeadmin/BSBM100M/dataset8.nt
Loading triple data from /scratch/sgeadmin/BSBM100M/dataset4.nt
Loading triples from /scratch/sgeadmin/BSBM100M/dataset4.nt
Loading triple data from /scratch/sgeadmin/BSBM100M/dataset2.nt
Loading triples from /scratch/sgeadmin/BSBM100M/dataset2.nt
Loading triple data from /scratch/sgeadmin/BSBM100M/dataset5.nt
Loading triples from /scratch/sgeadmin/BSBM100M/dataset5.nt
Loading triple data from /scratch/sgeadmin/BSBM100M/dataset7.nt
Loading triples from /scratch/sgeadmin/BSBM100M/dataset7.nt
Loading triple data from /scratch/sgeadmin/BSBM100M/dataset3.nt
Loading triples from /scratch/sgeadmin/BSBM100M/dataset3.nt
Loading triple data from /scratch/sgeadmin/BSBM100M/dataset6.nt
Loading triples from /scratch/sgeadmin/BSBM100M/dataset6.nt
master: loadedTripleCount is 101500
node007: loadedTripleCount is 101500
node006: loadedTripleCount is 101500
node002: loadedTripleCount is 101500
node003: loadedTripleCount is 101500
node001: loadedTripleCount is 101500
node004: loadedTripleCount is 101500
master: loadedTripleCount is 200100
node007: loadedTripleCount is 200100
node005: loadedTripleCount is 101500
node003: loadedTripleCount is 200100
node002: loadedTripleCount is 200100
node006: loadedTripleCount is 200100
master: loadedTripleCount is 301600
node001: loadedTripleCount is 200100
node004: loadedTripleCount is 200100
node007: loadedTripleCount is 301600
node005: loadedTripleCount is 200100
master: loadedTripleCount is 400200
node002: loadedTripleCount is 301600
node006: loadedTripleCount is 301600
node003: loadedTripleCount is 301600
node001: loadedTripleCount is 301600
node007: loadedTripleCount is 400200
node004: loadedTripleCount is 301600
master: loadedTripleCount is 501700
node005: loadedTripleCount is 301600
node002: loadedTripleCount is 400200
node006: loadedTripleCount is 400200
node003: loadedTripleCount is 400200
node007: loadedTripleCount is 501700
node001: loadedTripleCount is 400200
master: loadedTripleCount is 600300
node004: loadedTripleCount is 400200
node002: loadedTripleCount is 501700
node005: loadedTripleCount is 400200
node007: loadedTripleCount is 600300
node006: loadedTripleCount is 501700
master: loadedTripleCount is 701800
node003: loadedTripleCount is 501700
node001: loadedTripleCount is 501700
node004: loadedTripleCount is 501700
node002: loadedTripleCount is 600300
node007: loadedTripleCount is 701800
master: loadedTripleCount is 800400
node003: loadedTripleCount is 600300
node006: loadedTripleCount is 600300
node005: loadedTripleCount is 501700
node001: loadedTripleCount is 600300
node004: loadedTripleCount is 600300
node007: loadedTripleCount is 800400
node002: loadedTripleCount is 701800
master: loadedTripleCount is 901900
node003: loadedTripleCount is 701800
node006: loadedTripleCount is 701800
node005: loadedTripleCount is 600300
master: loadedTripleCount is 1000500
node001: loadedTripleCount is 701800
node007: loadedTripleCount is 901900
node004: loadedTripleCount is 701800
node002: loadedTripleCount is 800400
node003: loadedTripleCount is 800400
node006: loadedTripleCount is 800400
master: loadedTripleCount is 1102000
node005: loadedTripleCount is 701800
node007: loadedTripleCount is 1000500
node001: loadedTripleCount is 800400
node002: loadedTripleCount is 901900
node004: loadedTripleCount is 800400
node003: loadedTripleCount is 901900
master: loadedTripleCount is 1200600
node007: loadedTripleCount is 1102000
node006: loadedTripleCount is 901900
node005: loadedTripleCount is 800400
node002: loadedTripleCount is 1000500
node001: loadedTripleCount is 901900
master: loadedTripleCount is 1302100
node004: loadedTripleCount is 901900
node003: loadedTripleCount is 1000500
node007: loadedTripleCount is 1200600
node005: loadedTripleCount is 901900
node006: loadedTripleCount is 1000500
master: loadedTripleCount is 1400700
node002: loadedTripleCount is 1102000
node001: loadedTripleCount is 1000500
node001: loadedTripleCount is 1003400
node004: loadedTripleCount is 1000500
node007: loadedTripleCount is 1302100
master: loadedTripleCount is 1502200
node003: loadedTripleCount is 1102000
node005: loadedTripleCount is 1000500
node006: loadedTripleCount is 1102000
node002: loadedTripleCount is 1200600
master: loadedTripleCount is 1600800
node007: loadedTripleCount is 1400700
node003: loadedTripleCount is 1200600
node004: loadedTripleCount is 1102000
master: loadedTripleCount is 1702300
node005: loadedTripleCount is 1102000
node007: loadedTripleCount is 1502200
node006: loadedTripleCount is 1200600
node002: loadedTripleCount is 1302100
node001: loadedTripleCount is 1200600
master: loadedTripleCount is 1800900
node003: loadedTripleCount is 1302100
node004: loadedTripleCount is 1200600
node007: loadedTripleCount is 1600800
node005: loadedTripleCount is 1200600
node006: loadedTripleCount is 1302100
master: loadedTripleCount is 1902400
node002: loadedTripleCount is 1400700
node001: loadedTripleCount is 1302100
node007: loadedTripleCount is 1702300
node004: loadedTripleCount is 1302100
node003: loadedTripleCount is 1400700
node005: loadedTripleCount is 1302100
master: loadedTripleCount is 2001000
node006: loadedTripleCount is 1400700
node002: loadedTripleCount is 1502200
node007: loadedTripleCount is 1800900
node003: loadedTripleCount is 1502200
node001: loadedTripleCount is 1400700
node004: loadedTripleCount is 1400700
master: loadedTripleCount is 2102500
node005: loadedTripleCount is 1400700
node002: loadedTripleCount is 1600800
node006: loadedTripleCount is 1502200
node007: loadedTripleCount is 1902400
node001: loadedTripleCount is 1502200
node003: loadedTripleCount is 1600800
master: loadedTripleCount is 2201100
node004: loadedTripleCount is 1502200
node005: loadedTripleCount is 1502200
node002: loadedTripleCount is 1702300
node007: loadedTripleCount is 2001000
node006: loadedTripleCount is 1600800
master: loadedTripleCount is 2302600
node003: loadedTripleCount is 1702300
node001: loadedTripleCount is 1600800
node002: loadedTripleCount is 1800900
node005: loadedTripleCount is 1600800
node004: loadedTripleCount is 1600800
node007: loadedTripleCount is 2102500
node006: loadedTripleCount is 1702300
master: loadedTripleCount is 2401200
node002: loadedTripleCount is 1902400
node003: loadedTripleCount is 1800900
node001: loadedTripleCount is 1702300
node005: loadedTripleCount is 1702300
master: loadedTripleCount is 2502700
node004: loadedTripleCount is 1702300
node007: loadedTripleCount is 2201100
node006: loadedTripleCount is 1800900
node002: loadedTripleCount is 2001000
node003: loadedTripleCount is 1902400
node001: loadedTripleCount is 1800900
master: loadedTripleCount is 2601300
node005: loadedTripleCount is 1800900
node007: loadedTripleCount is 2302600
node002: loadedTripleCount is 2102500
node004: loadedTripleCount is 1800900
node006: loadedTripleCount is 1902400
node003: loadedTripleCount is 2001000
master: loadedTripleCount is 2702800
node001: loadedTripleCount is 1902400
node005: loadedTripleCount is 1902400
node002: loadedTripleCount is 2201100
node007: loadedTripleCount is 2401200
node004: loadedTripleCount is 1902400
node006: loadedTripleCount is 2001000
node003: loadedTripleCount is 2102500
master: loadedTripleCount is 2801400
node001: loadedTripleCount is 2001000
node005: loadedTripleCount is 2001000
node002: loadedTripleCount is 2302600
node007: loadedTripleCount is 2502700
node006: loadedTripleCount is 2102500
node003: loadedTripleCount is 2201100
master: loadedTripleCount is 2900000
node004: loadedTripleCount is 2001000
node002: loadedTripleCount is 2401200
node001: loadedTripleCount is 2102500
node005: loadedTripleCount is 2102500
node007: loadedTripleCount is 2601300
master: loadedTripleCount is 3001500
node006: loadedTripleCount is 2201100
node003: loadedTripleCount is 2302600
node002: loadedTripleCount is 2502700
node004: loadedTripleCount is 2102500
node001: loadedTripleCount is 2201100
node007: loadedTripleCount is 2702800
node005: loadedTripleCount is 2201100
master: loadedTripleCount is 3100100
node006: loadedTripleCount is 2302600
node002: loadedTripleCount is 2601300
node003: loadedTripleCount is 2401200
node004: loadedTripleCount is 2201100
node007: loadedTripleCount is 2801400
node001: loadedTripleCount is 2302600
node005: loadedTripleCount is 2302600
master: loadedTripleCount is 3201600
node002: loadedTripleCount is 2702800
node006: loadedTripleCount is 2401200
node003: loadedTripleCount is 2502700
node004: loadedTripleCount is 2302600
node007: loadedTripleCount is 2900000
master: loadedTripleCount is 3300200
node001: loadedTripleCount is 2401200
node005: loadedTripleCount is 2401200
node002: loadedTripleCount is 2801400
node006: loadedTripleCount is 2502700
node003: loadedTripleCount is 2601300
master: loadedTripleCount is 3401700
node007: loadedTripleCount is 3001500
node002: loadedTripleCount is 2900000
node004: loadedTripleCount is 2401200
node005: loadedTripleCount is 2502700
node001: loadedTripleCount is 2502700
node003: loadedTripleCount is 2702800
node006: loadedTripleCount is 2601300
master: loadedTripleCount is 3500300
node007: loadedTripleCount is 3100100
node002: loadedTripleCount is 3001500
node005: loadedTripleCount is 2601300
node004: loadedTripleCount is 2502700
node001: loadedTripleCount is 2601300
node003: loadedTripleCount is 2801400
master: loadedTripleCount is 3601800
node002: loadedTripleCount is 3100100
node007: loadedTripleCount is 3201600
node006: loadedTripleCount is 2702800
node005: loadedTripleCount is 2702800
node004: loadedTripleCount is 2601300
node001: loadedTripleCount is 2702800
node002: loadedTripleCount is 3201600
master: loadedTripleCount is 3700400
node003: loadedTripleCount is 2900000
node007: loadedTripleCount is 3300200
node006: loadedTripleCount is 2801400
node005: loadedTripleCount is 2801400
node004: loadedTripleCount is 2702800
node001: loadedTripleCount is 2801400
node002: loadedTripleCount is 3300200
master: loadedTripleCount is 3801900
node007: loadedTripleCount is 3401700
node003: loadedTripleCount is 3001500
node006: loadedTripleCount is 2900000
node005: loadedTripleCount is 2900000
node002: loadedTripleCount is 3401700
node001: loadedTripleCount is 2900000
master: loadedTripleCount is 3900500
node004: loadedTripleCount is 2801400
node003: loadedTripleCount is 3100100
node007: loadedTripleCount is 3500300
node006: loadedTripleCount is 3001500
node002: loadedTripleCount is 3500300
master: loadedTripleCount is 4002000
node005: loadedTripleCount is 3001500
node001: loadedTripleCount is 3001500
node007: loadedTripleCount is 3601800
node004: loadedTripleCount is 2900000
node003: loadedTripleCount is 3201600
node002: loadedTripleCount is 3601800
node006: loadedTripleCount is 3100100
master: loadedTripleCount is 4100600
node005: loadedTripleCount is 3100100
node001: loadedTripleCount is 3100100
node007: loadedTripleCount is 3700400
node002: loadedTripleCount is 3700400
node003: loadedTripleCount is 3300200
node004: loadedTripleCount is 3001500
master: loadedTripleCount is 4202100
node006: loadedTripleCount is 3201600
node005: loadedTripleCount is 3201600
node002: loadedTripleCount is 3801900
node007: loadedTripleCount is 3801900
node001: loadedTripleCount is 3201600
node003: loadedTripleCount is 3401700
node004: loadedTripleCount is 3100100
master: loadedTripleCount is 4300700
node006: loadedTripleCount is 3300200
node002: loadedTripleCount is 3900500
node005: loadedTripleCount is 3300200
node007: loadedTripleCount is 3900500
node001: loadedTripleCount is 3300200
node003: loadedTripleCount is 3500300
master: loadedTripleCount is 4402200
node004: loadedTripleCount is 3201600
node002: loadedTripleCount is 4002000
node006: loadedTripleCount is 3401700
node007: loadedTripleCount is 4002000
node005: loadedTripleCount is 3401700
node001: loadedTripleCount is 3401700
master: loadedTripleCount is 4500800
node003: loadedTripleCount is 3601800
node002: loadedTripleCount is 4100600
node004: loadedTripleCount is 3300200
node007: loadedTripleCount is 4100600
node006: loadedTripleCount is 3500300
node005: loadedTripleCount is 3500300
master: loadedTripleCount is 4602300
node001: loadedTripleCount is 3500300
node003: loadedTripleCount is 3700400
node002: loadedTripleCount is 4202100
node004: loadedTripleCount is 3401700
node007: loadedTripleCount is 4202100
node005: loadedTripleCount is 3601800
node006: loadedTripleCount is 3601800
master: loadedTripleCount is 4700900
node002: loadedTripleCount is 4300700
node003: loadedTripleCount is 3801900
node001: loadedTripleCount is 3601800
node007: loadedTripleCount is 4300700
node004: loadedTripleCount is 3500300
node005: loadedTripleCount is 3700400
master: loadedTripleCount is 4802400
node002: loadedTripleCount is 4402200
node006: loadedTripleCount is 3700400
node001: loadedTripleCount is 3700400
node003: loadedTripleCount is 3900500
node007: loadedTripleCount is 4402200
node002: loadedTripleCount is 4500800
master: loadedTripleCount is 4901000
node004: loadedTripleCount is 3601800
node005: loadedTripleCount is 3801900
node006: loadedTripleCount is 3801900
node003: loadedTripleCount is 4002000
node001: loadedTripleCount is 3801900
node007: loadedTripleCount is 4500800
node002: loadedTripleCount is 4602300
master: loadedTripleCount is 5002500
node004: loadedTripleCount is 3700400
node005: loadedTripleCount is 3900500
node006: loadedTripleCount is 3900500
node003: loadedTripleCount is 4100600
node007: loadedTripleCount is 4602300
node002: loadedTripleCount is 4700900
node001: loadedTripleCount is 3900500
master: loadedTripleCount is 5101100
node005: loadedTripleCount is 4002000
node004: loadedTripleCount is 3801900
node003: loadedTripleCount is 4202100
node002: loadedTripleCount is 4802400
master: loadedTripleCount is 5202600
node006: loadedTripleCount is 4002000
node007: loadedTripleCount is 4700900
node001: loadedTripleCount is 4002000
node005: loadedTripleCount is 4100600
node003: loadedTripleCount is 4300700
node002: loadedTripleCount is 4901000
node004: loadedTripleCount is 3900500
master: loadedTripleCount is 5301200
node007: loadedTripleCount is 4802400
node006: loadedTripleCount is 4100600
node001: loadedTripleCount is 4100600
node005: loadedTripleCount is 4202100
node002: loadedTripleCount is 5002500
node003: loadedTripleCount is 4402200
master: loadedTripleCount is 5402700
node004: loadedTripleCount is 4002000
node007: loadedTripleCount is 4901000
node006: loadedTripleCount is 4202100
node001: loadedTripleCount is 4202100
node002: loadedTripleCount is 5101100
node005: loadedTripleCount is 4300700
node003: loadedTripleCount is 4500800
master: loadedTripleCount is 5501300
node007: loadedTripleCount is 5002500
node004: loadedTripleCount is 4100600
node002: loadedTripleCount is 5202600
node006: loadedTripleCount is 4300700
node001: loadedTripleCount is 4300700
node005: loadedTripleCount is 4402200
master: loadedTripleCount is 5602800
node003: loadedTripleCount is 4602300
node007: loadedTripleCount is 5101100
node002: loadedTripleCount is 5301200
node004: loadedTripleCount is 4202100
node006: loadedTripleCount is 4402200
node001: loadedTripleCount is 4402200
node005: loadedTripleCount is 4500800
master: loadedTripleCount is 5701400
node002: loadedTripleCount is 5402700
node003: loadedTripleCount is 4700900
node007: loadedTripleCount is 5202600
node006: loadedTripleCount is 4500800
node001: loadedTripleCount is 4500800
node004: loadedTripleCount is 4300700
node002: loadedTripleCount is 5501300
node005: loadedTripleCount is 4602300
master: loadedTripleCount is 5800000
node003: loadedTripleCount is 4802400
node007: loadedTripleCount is 5301200
node002: loadedTripleCount is 5602800
node001: loadedTripleCount is 4602300
master: loadedTripleCount is 5901500
node006: loadedTripleCount is 4602300
node005: loadedTripleCount is 4700900
node004: loadedTripleCount is 4402200
node003: loadedTripleCount is 4901000
node007: loadedTripleCount is 5402700
node002: loadedTripleCount is 5701400
master: loadedTripleCount is 6000100
node001: loadedTripleCount is 4700900
node005: loadedTripleCount is 4802400
node006: loadedTripleCount is 4700900
node004: loadedTripleCount is 4500800
node007: loadedTripleCount is 5501300
node003: loadedTripleCount is 5002500
node002: loadedTripleCount is 5800000
master: loadedTripleCount is 6101600
node001: loadedTripleCount is 4802400
node005: loadedTripleCount is 4901000
node006: loadedTripleCount is 4802400
node002: loadedTripleCount is 5901500
node003: loadedTripleCount is 5101100
node007: loadedTripleCount is 5602800
node004: loadedTripleCount is 4602300
master: loadedTripleCount is 6200200
node002: loadedTripleCount is 6000100
node001: loadedTripleCount is 4901000
node005: loadedTripleCount is 5002500
node006: loadedTripleCount is 4901000
node007: loadedTripleCount is 5701400
node003: loadedTripleCount is 5202600
master: loadedTripleCount is 6301700
node004: loadedTripleCount is 4700900
node002: loadedTripleCount is 6101600
node005: loadedTripleCount is 5101100
node001: loadedTripleCount is 5002500
node007: loadedTripleCount is 5800000
node003: loadedTripleCount is 5301200
master: loadedTripleCount is 6400300
node006: loadedTripleCount is 5002500
node002: loadedTripleCount is 6200200
node004: loadedTripleCount is 4802400
node005: loadedTripleCount is 5202600
node001: loadedTripleCount is 5101100
node007: loadedTripleCount is 5901500
master: loadedTripleCount is 6501800
node003: loadedTripleCount is 5402700
node006: loadedTripleCount is 5101100
node002: loadedTripleCount is 6301700
node004: loadedTripleCount is 4901000
node007: loadedTripleCount is 6000100
node005: loadedTripleCount is 5301200
node001: loadedTripleCount is 5202600
master: loadedTripleCount is 6600400
node003: loadedTripleCount is 5501300
node002: loadedTripleCount is 6400300
node006: loadedTripleCount is 5202600
node007: loadedTripleCount is 6101600
node004: loadedTripleCount is 5002500
node005: loadedTripleCount is 5402700
master: loadedTripleCount is 6701900
node001: loadedTripleCount is 5301200
node003: loadedTripleCount is 5602800
node002: loadedTripleCount is 6501800
node006: loadedTripleCount is 5301200
node007: loadedTripleCount is 6200200
master: loadedTripleCount is 6800500
node005: loadedTripleCount is 5501300
node002: loadedTripleCount is 6600400
node001: loadedTripleCount is 5402700
node004: loadedTripleCount is 5101100
node003: loadedTripleCount is 5701400
node006: loadedTripleCount is 5402700
node007: loadedTripleCount is 6301700
master: loadedTripleCount is 6902000
node005: loadedTripleCount is 5602800
node002: loadedTripleCount is 6701900
node001: loadedTripleCount is 5501300
node003: loadedTripleCount is 5800000
node004: loadedTripleCount is 5202600
node007: loadedTripleCount is 6400300
master: loadedTripleCount is 7000600
node006: loadedTripleCount is 5501300
node002: loadedTripleCount is 6800500
node005: loadedTripleCount is 5701400
node003: loadedTripleCount is 5901500
node001: loadedTripleCount is 5602800
node004: loadedTripleCount is 5301200
node002: loadedTripleCount is 6902000
master: loadedTripleCount is 7102100
node007: loadedTripleCount is 6501800
node006: loadedTripleCount is 5602800
node005: loadedTripleCount is 5800000
node003: loadedTripleCount is 6000100
node001: loadedTripleCount is 5701400
node002: loadedTripleCount is 7000600
master: loadedTripleCount is 7200700
node007: loadedTripleCount is 6600400
node004: loadedTripleCount is 5402700
node005: loadedTripleCount is 5901500
node006: loadedTripleCount is 5701400
node003: loadedTripleCount is 6101600
node001: loadedTripleCount is 5800000
node002: loadedTripleCount is 7102100
node007: loadedTripleCount is 6701900
master: loadedTripleCount is 7302200
node004: loadedTripleCount is 5501300
node005: loadedTripleCount is 6000100
node003: loadedTripleCount is 6200200
node006: loadedTripleCount is 5800000
node002: loadedTripleCount is 7200700
node001: loadedTripleCount is 5901500
node007: loadedTripleCount is 6800500
master: loadedTripleCount is 7400800
node002: loadedTripleCount is 7302200
node003: loadedTripleCount is 6301700
node005: loadedTripleCount is 6101600
node004: loadedTripleCount is 5602800
node006: loadedTripleCount is 5901500
node001: loadedTripleCount is 6000100
node007: loadedTripleCount is 6902000
master: loadedTripleCount is 7502300
node002: loadedTripleCount is 7400800
node003: loadedTripleCount is 6400300
node005: loadedTripleCount is 6200200
node007: loadedTripleCount is 7000600
node006: loadedTripleCount is 6000100
node004: loadedTripleCount is 5701400
node001: loadedTripleCount is 6101600
master: loadedTripleCount is 7600900
node002: loadedTripleCount is 7502300
node005: loadedTripleCount is 6301700
node003: loadedTripleCount is 6501800
node007: loadedTripleCount is 7102100
master: loadedTripleCount is 7702400
node001: loadedTripleCount is 6200200
node002: loadedTripleCount is 7600900
node006: loadedTripleCount is 6101600
node004: loadedTripleCount is 5800000
node005: loadedTripleCount is 6400300
node003: loadedTripleCount is 6600400
node007: loadedTripleCount is 7200700
node002: loadedTripleCount is 7702400
master: loadedTripleCount is 7801000
node006: loadedTripleCount is 6200200
node001: loadedTripleCount is 6301700
node004: loadedTripleCount is 5901500
node005: loadedTripleCount is 6501800
node007: loadedTripleCount is 7302200
node002: loadedTripleCount is 7801000
master: loadedTripleCount is 7902500
node003: loadedTripleCount is 6701900
node001: loadedTripleCount is 6400300
node006: loadedTripleCount is 6301700
node002: loadedTripleCount is 7902500
master: loadedTripleCount is 8001100
node007: loadedTripleCount is 7400800
node004: loadedTripleCount is 6000100
node003: loadedTripleCount is 6800500
node005: loadedTripleCount is 6600400
node006: loadedTripleCount is 6400300
node001: loadedTripleCount is 6501800
node002: loadedTripleCount is 8001100
master: loadedTripleCount is 8102600
node007: loadedTripleCount is 7502300
node003: loadedTripleCount is 6902000
node005: loadedTripleCount is 6701900
node004: loadedTripleCount is 6101600
node001: loadedTripleCount is 6600400
node006: loadedTripleCount is 6501800
node002: loadedTripleCount is 8102600
master: loadedTripleCount is 8201200
node007: loadedTripleCount is 7600900
node003: loadedTripleCount is 7000600
node005: loadedTripleCount is 6800500
node004: loadedTripleCount is 6200200
node002: loadedTripleCount is 8201200
master: loadedTripleCount is 8302700
node006: loadedTripleCount is 6600400
node001: loadedTripleCount is 6701900
node007: loadedTripleCount is 7702400
node002: loadedTripleCount is 8302700
node003: loadedTripleCount is 7102100
node005: loadedTripleCount is 6902000
master: loadedTripleCount is 8401300
node004: loadedTripleCount is 6301700
node001: loadedTripleCount is 6800500
node007: loadedTripleCount is 7801000
node006: loadedTripleCount is 6701900
node002: loadedTripleCount is 8401300
node005: loadedTripleCount is 7000600
node003: loadedTripleCount is 7200700
master: loadedTripleCount is 8502800
node007: loadedTripleCount is 7902500
node004: loadedTripleCount is 6400300
node001: loadedTripleCount is 6902000
node006: loadedTripleCount is 6800500
node002: loadedTripleCount is 8502800
master: loadedTripleCount is 8601400
node005: loadedTripleCount is 7102100
node003: loadedTripleCount is 7302200
master: loadedTripleCount is 8700000
node002: loadedTripleCount is 8601400
node007: loadedTripleCount is 8001100
master: loadedTripleCount is 8801500
node001: loadedTripleCount is 7000600
node006: loadedTripleCount is 6902000
node002: loadedTripleCount is 8700000
node004: loadedTripleCount is 6501800
master: loadedTripleCount is 8900100
node005: loadedTripleCount is 7200700
node003: loadedTripleCount is 7400800
node002: loadedTripleCount is 8801500
master: loadedTripleCount is 9001600
node007: loadedTripleCount is 8102600
node001: loadedTripleCount is 7102100
node006: loadedTripleCount is 7000600
master: loadedTripleCount is 9100200
node002: loadedTripleCount is 8900100
node003: loadedTripleCount is 7502300
node004: loadedTripleCount is 6600400
node005: loadedTripleCount is 7302200
master: loadedTripleCount is 9201700
node007: loadedTripleCount is 8201200
node002: loadedTripleCount is 9001600
node001: loadedTripleCount is 7200700
node006: loadedTripleCount is 7102100
master: loadedTripleCount is 9300300
node002: loadedTripleCount is 9100200
node005: loadedTripleCount is 7400800
node003: loadedTripleCount is 7600900
master: loadedTripleCount is 9401800
node007: loadedTripleCount is 8302700
node004: loadedTripleCount is 6701900
node002: loadedTripleCount is 9201700
master: loadedTripleCount is 9500400
node001: loadedTripleCount is 7302200
node006: loadedTripleCount is 7200700
node005: loadedTripleCount is 7502300
node003: loadedTripleCount is 7702400
master: loadedTripleCount is 9601900
node002: loadedTripleCount is 9300300
node007: loadedTripleCount is 8401300
node004: loadedTripleCount is 6800500
node001: loadedTripleCount is 7400800
master: loadedTripleCount is 9700500
node002: loadedTripleCount is 9401800
node006: loadedTripleCount is 7302200
master: loadedTripleCount is 9802000
node005: loadedTripleCount is 7600900
node003: loadedTripleCount is 7801000
node002: loadedTripleCount is 9500400
node007: loadedTripleCount is 8502800
master: loadedTripleCount is 9900600
node001: loadedTripleCount is 7502300
node002: loadedTripleCount is 9601900
node004: loadedTripleCount is 6902000
node007: loadedTripleCount is 8601400
master: loadedTripleCount is 10002100
node006: loadedTripleCount is 7400800
node005: loadedTripleCount is 7702400
node003: loadedTripleCount is 7902500
node007: loadedTripleCount is 8700000
master: loadedTripleCount is 10100700
node002: loadedTripleCount is 9700500
node001: loadedTripleCount is 7600900
node007: loadedTripleCount is 8801500
master: loadedTripleCount is 10202200
node002: loadedTripleCount is 9802000
node004: loadedTripleCount is 7000600
node005: loadedTripleCount is 7801000
node003: loadedTripleCount is 8001100
node006: loadedTripleCount is 7502300
master: loadedTripleCount is 10300800
node007: loadedTripleCount is 8900100
node002: loadedTripleCount is 9900600
master: loadedTripleCount is 10402300
node007: loadedTripleCount is 9001600
node001: loadedTripleCount is 7702400
node002: loadedTripleCount is 10002100
node005: loadedTripleCount is 7902500
master: loadedTripleCount is 10500900
node007: loadedTripleCount is 9100200
node003: loadedTripleCount is 8102600
node006: loadedTripleCount is 7600900
node004: loadedTripleCount is 7102100
node002: loadedTripleCount is 10100700
master: loadedTripleCount is 10602400
node007: loadedTripleCount is 9201700
node001: loadedTripleCount is 7801000
master: loadedTripleCount is 10701000
node002: loadedTripleCount is 10202200
node005: loadedTripleCount is 8001100
node007: loadedTripleCount is 9300300
node003: loadedTripleCount is 8201200
node006: loadedTripleCount is 7702400
node004: loadedTripleCount is 7200700
master: loadedTripleCount is 10802500
node002: loadedTripleCount is 10300800
node007: loadedTripleCount is 9401800
master: loadedTripleCount is 10901100
node001: loadedTripleCount is 7902500
node005: loadedTripleCount is 8102600
node007: loadedTripleCount is 9500400
node003: loadedTripleCount is 8302700
node002: loadedTripleCount is 10402300
master: loadedTripleCount is 11002600
node006: loadedTripleCount is 7801000
node004: loadedTripleCount is 7302200
master: loadedTripleCount is 11101200
node007: loadedTripleCount is 9601900
node002: loadedTripleCount is 10500900
node001: loadedTripleCount is 8001100
node003: loadedTripleCount is 8401300
master: loadedTripleCount is 11202700
node005: loadedTripleCount is 8201200
node007: loadedTripleCount is 9700500
node002: loadedTripleCount is 10602400
node006: loadedTripleCount is 7902500
node004: loadedTripleCount is 7400800
master: loadedTripleCount is 11301300
node007: loadedTripleCount is 9802000
node002: loadedTripleCount is 10701000
node001: loadedTripleCount is 8102600
master: loadedTripleCount is 11402800
node007: loadedTripleCount is 9900600
node005: loadedTripleCount is 8302700
node003: loadedTripleCount is 8502800
node002: loadedTripleCount is 10802500
master: loadedTripleCount is 11501400
node006: loadedTripleCount is 8001100
node007: loadedTripleCount is 10002100
node004: loadedTripleCount is 7502300
node001: loadedTripleCount is 8201200
node003: loadedTripleCount is 8601400
master: loadedTripleCount is 11600000
node005: loadedTripleCount is 8401300
node002: loadedTripleCount is 10901100
node007: loadedTripleCount is 10100700
node006: loadedTripleCount is 8102600
master: loadedTripleCount is 11701500
node003: loadedTripleCount is 8700000
node004: loadedTripleCount is 7600900
node002: loadedTripleCount is 11002600
node001: loadedTripleCount is 8302700
node007: loadedTripleCount is 10202200
node005: loadedTripleCount is 8502800
master: loadedTripleCount is 11800100
node003: loadedTripleCount is 8801500
node006: loadedTripleCount is 8201200
node002: loadedTripleCount is 11101200
node004: loadedTripleCount is 7702400
node001: loadedTripleCount is 8401300
node005: loadedTripleCount is 8601400
node007: loadedTripleCount is 10300800
master: loadedTripleCount is 11901600
node006: loadedTripleCount is 8302700
node003: loadedTripleCount is 8900100
node001: loadedTripleCount is 8502800
node004: loadedTripleCount is 7801000
node002: loadedTripleCount is 11202700
node007: loadedTripleCount is 10402300
master: loadedTripleCount is 12000200
node005: loadedTripleCount is 8700000
node006: loadedTripleCount is 8401300
node004: loadedTripleCount is 7902500
node001: loadedTripleCount is 8601400
node003: loadedTripleCount is 9001600
node002: loadedTripleCount is 11301300
node007: loadedTripleCount is 10500900
master: loadedTripleCount is 12101700
node005: loadedTripleCount is 8801500
node006: loadedTripleCount is 8502800
node004: loadedTripleCount is 8001100
node003: loadedTripleCount is 9100200
node001: loadedTripleCount is 8700000
master: loadedTripleCount is 12200300
node002: loadedTripleCount is 11402800
node007: loadedTripleCount is 10602400
node005: loadedTripleCount is 8900100
node004: loadedTripleCount is 8102600
node006: loadedTripleCount is 8601400
node003: loadedTripleCount is 9201700
node001: loadedTripleCount is 8801500
node002: loadedTripleCount is 11501400
master: loadedTripleCount is 12301800
node007: loadedTripleCount is 10701000
node004: loadedTripleCount is 8201200
node005: loadedTripleCount is 9001600
node006: loadedTripleCount is 8700000
node003: loadedTripleCount is 9300300
node001: loadedTripleCount is 8900100
master: loadedTripleCount is 12400400
node002: loadedTripleCount is 11600000
node007: loadedTripleCount is 10802500
node005: loadedTripleCount is 9100200
master: loadedTripleCount is 12501900
node006: loadedTripleCount is 8801500
node004: loadedTripleCount is 8302700
node003: loadedTripleCount is 9401800
node001: loadedTripleCount is 9001600
node007: loadedTripleCount is 10901100
node002: loadedTripleCount is 11701500
Finished inserting - waiting for threadpool to catch up
Loaded 12582210 triples.
Finished loading data in 675.77 secs
node005: loadedTripleCount is 9201700
node004: loadedTripleCount is 8401300
node003: loadedTripleCount is 9500400
node006: loadedTripleCount is 8900100
node007: loadedTripleCount is 11002600
node002: loadedTripleCount is 11800100
node001: loadedTripleCount is 9100200
node005: loadedTripleCount is 9300300
node004: loadedTripleCount is 8502800
node003: loadedTripleCount is 9601900
node006: loadedTripleCount is 9001600
node007: loadedTripleCount is 11101200
node001: loadedTripleCount is 9201700
node002: loadedTripleCount is 11901600
node005: loadedTripleCount is 9401800
node004: loadedTripleCount is 8601400
node003: loadedTripleCount is 9700500
node007: loadedTripleCount is 11202700
node006: loadedTripleCount is 9100200
node002: loadedTripleCount is 12000200
node001: loadedTripleCount is 9300300
node005: loadedTripleCount is 9500400
node003: loadedTripleCount is 9802000
node007: loadedTripleCount is 11301300
node004: loadedTripleCount is 8700000
node002: loadedTripleCount is 12101700
node001: loadedTripleCount is 9401800
node006: loadedTripleCount is 9201700
node005: loadedTripleCount is 9601900
node003: loadedTripleCount is 9900600
node007: loadedTripleCount is 11402800
node004: loadedTripleCount is 8801500
node002: loadedTripleCount is 12200300
node001: loadedTripleCount is 9500400
node006: loadedTripleCount is 9300300
node005: loadedTripleCount is 9700500
node003: loadedTripleCount is 10002100
node007: loadedTripleCount is 11501400
node002: loadedTripleCount is 12301800
node001: loadedTripleCount is 9601900
node004: loadedTripleCount is 8900100
node006: loadedTripleCount is 9401800
node003: loadedTripleCount is 10100700
node005: loadedTripleCount is 9802000
node007: loadedTripleCount is 11600000
node001: loadedTripleCount is 9700500
node004: loadedTripleCount is 9001600
node002: loadedTripleCount is 12400400
node006: loadedTripleCount is 9500400
node003: loadedTripleCount is 10202200
node005: loadedTripleCount is 9900600
node007: loadedTripleCount is 11701500
node002: loadedTripleCount is 12501900
node004: loadedTripleCount is 9100200
node001: loadedTripleCount is 9802000
node006: loadedTripleCount is 9601900
node003: loadedTripleCount is 10300800
node007: loadedTripleCount is 11800100
node005: loadedTripleCount is 10002100
Finished inserting - waiting for threadpool to catch up
Loaded 12579220 triples.
Finished loading data in 726.249 secs
node004: loadedTripleCount is 9201700
node001: loadedTripleCount is 9900600
node006: loadedTripleCount is 9700500
node003: loadedTripleCount is 10402300
node007: loadedTripleCount is 11901600
node005: loadedTripleCount is 10100700
node004: loadedTripleCount is 9300300
node001: loadedTripleCount is 10002100
node001: loadedTripleCount is 10005000
node006: loadedTripleCount is 9802000
node003: loadedTripleCount is 10500900
node005: loadedTripleCount is 10202200
node007: loadedTripleCount is 12000200
node004: loadedTripleCount is 9401800
node006: loadedTripleCount is 9900600
node005: loadedTripleCount is 10300800
node003: loadedTripleCount is 10602400
node007: loadedTripleCount is 12101700
node004: loadedTripleCount is 9500400
node001: loadedTripleCount is 10202200
node004: loadedTripleCount is 9601900
node006: loadedTripleCount is 10002100
node003: loadedTripleCount is 10701000
node005: loadedTripleCount is 10402300
node007: loadedTripleCount is 12200300
node001: loadedTripleCount is 10300800
node004: loadedTripleCount is 9700500
node005: loadedTripleCount is 10500900
node006: loadedTripleCount is 10100700
node003: loadedTripleCount is 10802500
node007: loadedTripleCount is 12301800
node004: loadedTripleCount is 9802000
node001: loadedTripleCount is 10402300
node003: loadedTripleCount is 10901100
node006: loadedTripleCount is 10202200
node005: loadedTripleCount is 10602400
node007: loadedTripleCount is 12400400
node004: loadedTripleCount is 9900600
node001: loadedTripleCount is 10500900
node003: loadedTripleCount is 11002600
node005: loadedTripleCount is 10701000
node006: loadedTripleCount is 10300800
node007: loadedTripleCount is 12501900
node003: loadedTripleCount is 11101200
Finished inserting - waiting for threadpool to catch up
node004: loadedTripleCount is 10002100
node001: loadedTripleCount is 10602400
Loaded 12581028 triples.
Finished loading data in 770.503 secs
node005: loadedTripleCount is 10802500
node006: loadedTripleCount is 10402300
node004: loadedTripleCount is 10100700
node001: loadedTripleCount is 10701000
node003: loadedTripleCount is 11202700
node005: loadedTripleCount is 10901100
node006: loadedTripleCount is 10500900
node004: loadedTripleCount is 10202200
node001: loadedTripleCount is 10802500
node005: loadedTripleCount is 11002600
node003: loadedTripleCount is 11301300
node006: loadedTripleCount is 10602400
node004: loadedTripleCount is 10300800
node001: loadedTripleCount is 10901100
node005: loadedTripleCount is 11101200
node003: loadedTripleCount is 11402800
node006: loadedTripleCount is 10701000
node004: loadedTripleCount is 10402300
node005: loadedTripleCount is 11202700
node001: loadedTripleCount is 11002600
node003: loadedTripleCount is 11501400
node006: loadedTripleCount is 10802500
node004: loadedTripleCount is 10500900
node005: loadedTripleCount is 11301300
node003: loadedTripleCount is 11600000
node001: loadedTripleCount is 11101200
node004: loadedTripleCount is 10602400
node006: loadedTripleCount is 10901100
node003: loadedTripleCount is 11701500
node005: loadedTripleCount is 11402800
node001: loadedTripleCount is 11202700
node004: loadedTripleCount is 10701000
node006: loadedTripleCount is 11002600
node003: loadedTripleCount is 11800100
node005: loadedTripleCount is 11501400
node001: loadedTripleCount is 11301300
node004: loadedTripleCount is 10802500
node006: loadedTripleCount is 11101200
node005: loadedTripleCount is 11600000
node004: loadedTripleCount is 10901100
node003: loadedTripleCount is 11901600
node001: loadedTripleCount is 11402800
node006: loadedTripleCount is 11202700
node004: loadedTripleCount is 11002600
node005: loadedTripleCount is 11701500
node003: loadedTripleCount is 12000200
node001: loadedTripleCount is 11501400
node006: loadedTripleCount is 11301300
node004: loadedTripleCount is 11101200
node005: loadedTripleCount is 11800100
node003: loadedTripleCount is 12101700
node001: loadedTripleCount is 11600000
node006: loadedTripleCount is 11402800
node004: loadedTripleCount is 11202700
node005: loadedTripleCount is 11901600
node003: loadedTripleCount is 12200300
node001: loadedTripleCount is 11701500
node006: loadedTripleCount is 11501400
node004: loadedTripleCount is 11301300
node005: loadedTripleCount is 12000200
node001: loadedTripleCount is 11800100
node003: loadedTripleCount is 12301800
node004: loadedTripleCount is 11402800
node006: loadedTripleCount is 11600000
node005: loadedTripleCount is 12101700
node001: loadedTripleCount is 11901600
node004: loadedTripleCount is 11501400
node003: loadedTripleCount is 12400400
node006: loadedTripleCount is 11701500
node005: loadedTripleCount is 12200300
node004: loadedTripleCount is 11600000
node001: loadedTripleCount is 12000200
node003: loadedTripleCount is 12501900
node006: loadedTripleCount is 11800100
node004: loadedTripleCount is 11701500
node005: loadedTripleCount is 12301800
node001: loadedTripleCount is 12101700
Finished inserting - waiting for threadpool to catch up
Loaded 12585534 triples.
Finished loading data in 851.787 secs
node006: loadedTripleCount is 11901600
node004: loadedTripleCount is 11800100
node005: loadedTripleCount is 12400400
node001: loadedTripleCount is 12200300
node006: loadedTripleCount is 12000200
node005: loadedTripleCount is 12501900
node001: loadedTripleCount is 12301800
node004: loadedTripleCount is 11901600
Finished inserting - waiting for threadpool to catch up
node006: loadedTripleCount is 12101700
Loaded 12581340 triples.
Finished loading data in 860.983 secs
node001: loadedTripleCount is 12400400
node004: loadedTripleCount is 12000200
node006: loadedTripleCount is 12200300
node001: loadedTripleCount is 12501900
node004: loadedTripleCount is 12101700
node006: loadedTripleCount is 12301800
Finished inserting - waiting for threadpool to catch up
Loaded 12579286 triples.
Finished loading data in 869.818 secs
node006: loadedTripleCount is 12400400
node004: loadedTripleCount is 12200300
node006: loadedTripleCount is 12501900
node004: loadedTripleCount is 12301800
Finished inserting - waiting for threadpool to catch up
Loaded 12578150 triples.
Finished loading data in 876.651 secs
node004: loadedTripleCount is 12400400
node004: loadedTripleCount is 12501900
Finished inserting - waiting for threadpool to catch up
Loaded 12579146 triples.
Finished loading data in 882.7 secs

real	14m43.528s
user	0m0.080s
sys	0m0.084s
