Started redis-server AliasDb_0 on node003:50720
Started redis-server AliasDb_1 on node003:50721
Started redis-server AliasDb_2 on node003:50722
Started redis-server AliasDb_3 on node003:50723
Started redis-server AliasDb_4 on node002:50720
Started redis-server AliasDb_5 on node002:50721
Started redis-server AliasDb_6 on node002:50722
Started redis-server AliasDb_7 on node002:50723
Started redis-server AliasDb_8 on node001:50720
Started redis-server AliasDb_9 on node001:50721
Started redis-server AliasDb_10 on node001:50722
Started redis-server AliasDb_11 on node001:50723
Started redis-server AliasDb_12 on master:50720
Started redis-server AliasDb_13 on master:50721
Started redis-server TripleDb_0 on node003:50820
Started redis-server TripleDb_1 on node003:50821
Started redis-server TripleDb_2 on node003:50822
Started redis-server TripleDb_3 on node003:50823
Started redis-server TripleDb_4 on node003:50824
Started redis-server TripleDb_5 on node003:50825
Started redis-server TripleDb_6 on node003:50826
Started redis-server TripleDb_7 on node003:50827
Started redis-server TripleDb_8 on node003:50828
Started redis-server TripleDb_9 on node003:50829
Started redis-server TripleDb_10 on node003:50830
Started redis-server TripleDb_11 on node003:50831
Started redis-server TripleDb_12 on node002:50820
Started redis-server TripleDb_13 on node002:50821
Started redis-server TripleDb_14 on node002:50822
Started redis-server TripleDb_15 on node002:50823
Started redis-server TripleDb_16 on node002:50824
Started redis-server TripleDb_17 on node002:50825
Started redis-server TripleDb_18 on node002:50826
Started redis-server TripleDb_19 on node002:50827
Started redis-server TripleDb_20 on node002:50828
Started redis-server TripleDb_21 on node002:50829
Started redis-server TripleDb_22 on node002:50830
Started redis-server TripleDb_23 on node002:50831
Started redis-server TripleDb_24 on node001:50820
Started redis-server TripleDb_25 on node001:50821
Started redis-server TripleDb_26 on node001:50822
Started redis-server TripleDb_27 on node001:50823
Started redis-server TripleDb_28 on node001:50824
Started redis-server TripleDb_29 on node001:50825
Started redis-server TripleDb_30 on node001:50826
Started redis-server TripleDb_31 on node001:50827
Started redis-server TripleDb_32 on node001:50828
Started redis-server TripleDb_33 on node001:50829
Started redis-server TripleDb_34 on node001:50830
Started redis-server TripleDb_35 on node001:50831
Started redis-server TripleDb_36 on master:50820
Started redis-server TripleDb_37 on master:50821
Started redis-server TripleDb_38 on master:50822
Started redis-server TripleDb_39 on master:50823
Started redis-server TripleDb_40 on master:50824
Started redis-server TripleDb_41 on master:50825
Loading triple data from /scratch/sgeadmin/BSBM10M/dataset1.nt
Loading triple data from /scratch/sgeadmin/BSBM10M/dataset2.nt
Loading triples from /scratch/sgeadmin/BSBM10M/dataset2.nt
Loading triples from /scratch/sgeadmin/BSBM10M/dataset1.nt
Loading triple data from /scratch/sgeadmin/BSBM10M/dataset7.nt
Loading triples from /scratch/sgeadmin/BSBM10M/dataset7.nt
Loading triple data from /scratch/sgeadmin/BSBM10M/dataset8.nt
Loading triples from /scratch/sgeadmin/BSBM10M/dataset8.nt
Loading triple data from /scratch/sgeadmin/BSBM10M/dataset5.nt
Loading triples from /scratch/sgeadmin/BSBM10M/dataset5.nt
Loading triple data from /scratch/sgeadmin/BSBM10M/dataset4.nt
Loading triples from /scratch/sgeadmin/BSBM10M/dataset4.nt
Loading triple data from /scratch/sgeadmin/BSBM10M/dataset6.nt
Loading triples from /scratch/sgeadmin/BSBM10M/dataset6.nt
Loading triple data from /scratch/sgeadmin/BSBM10M/dataset3.nt
Loading triples from /scratch/sgeadmin/BSBM10M/dataset3.nt
master: loadedTripleCount is 100800
master: loadedTripleCount is 100800
node002: loadedTripleCount is 100800
node002: loadedTripleCount is 100800
master: loadedTripleCount is 201600
master: loadedTripleCount is 201600
node001: loadedTripleCount is 100800
node001: loadedTripleCount is 100800
node003: loadedTripleCount is 100800
master: loadedTripleCount is 302400
node003: loadedTripleCount is 100800
master: loadedTripleCount is 302400
node002: loadedTripleCount is 201600
node002: loadedTripleCount is 201600
master: loadedTripleCount is 403200
master: loadedTripleCount is 403200
node003: loadedTripleCount is 201600
node001: loadedTripleCount is 201600
node001: loadedTripleCount is 201600
node003: loadedTripleCount is 201600
node002: loadedTripleCount is 302400
master: loadedTripleCount is 504000
master: loadedTripleCount is 504000
node002: loadedTripleCount is 302400
master: loadedTripleCount is 600600
node003: loadedTripleCount is 302400
master: loadedTripleCount is 600600
node001: loadedTripleCount is 302400
node003: loadedTripleCount is 302400
node001: loadedTripleCount is 302400
node002: loadedTripleCount is 403200
master: loadedTripleCount is 701400
node002: loadedTripleCount is 403200
master: loadedTripleCount is 701400
node003: loadedTripleCount is 403200
master: loadedTripleCount is 802200
master: loadedTripleCount is 802200
node003: loadedTripleCount is 403200
node002: loadedTripleCount is 504000
node002: loadedTripleCount is 504000
node001: loadedTripleCount is 403200
node001: loadedTripleCount is 403200
master: loadedTripleCount is 903000
master: loadedTripleCount is 903000
node003: loadedTripleCount is 504000
node002: loadedTripleCount is 600600
node003: loadedTripleCount is 504000
master: loadedTripleCount is 1003800
node002: loadedTripleCount is 600600
master: loadedTripleCount is 1003800
node001: loadedTripleCount is 504000
node001: loadedTripleCount is 504000
master: loadedTripleCount is 1100400
master: loadedTripleCount is 1100400
node003: loadedTripleCount is 600600
node003: loadedTripleCount is 600600
node002: loadedTripleCount is 701400
node002: loadedTripleCount is 701400
master: loadedTripleCount is 1201200
master: loadedTripleCount is 1201200
Finished inserting - waiting for threadpool to catch up
Loaded 1271424 triples.
Finished loading data in 80.834 secs
Finished inserting - waiting for threadpool to catch up
Loaded 1269130 triples.
Finished loading data in 81.507 secs
node001: loadedTripleCount is 600600
node003: loadedTripleCount is 701400
node001: loadedTripleCount is 600600
node002: loadedTripleCount is 802200
node002: loadedTripleCount is 802200
node003: loadedTripleCount is 701400
node003: loadedTripleCount is 802200
node002: loadedTripleCount is 903000
node001: loadedTripleCount is 701400
node002: loadedTripleCount is 903000
node003: loadedTripleCount is 802200
node001: loadedTripleCount is 701400
node002: loadedTripleCount is 1003800
node003: loadedTripleCount is 903000
node002: loadedTripleCount is 1003800
node003: loadedTripleCount is 903000
node001: loadedTripleCount is 802200
node001: loadedTripleCount is 802200
node002: loadedTripleCount is 1100400
node003: loadedTripleCount is 1003800
node002: loadedTripleCount is 1100400
node003: loadedTripleCount is 1003800
node001: loadedTripleCount is 903000
node002: loadedTripleCount is 1201200
node001: loadedTripleCount is 903000
node003: loadedTripleCount is 1100400
node002: loadedTripleCount is 1201200
node003: loadedTripleCount is 1100400
Finished inserting - waiting for threadpool to catch up
Loaded 1271510 triples.
Finished loading data in 114.756 secs
Finished inserting - waiting for threadpool to catch up
Loaded 1273032 triples.
Finished loading data in 115.613 secs
node003: loadedTripleCount is 1201200
node001: loadedTripleCount is 1003800
node003: loadedTripleCount is 1201200
node001: loadedTripleCount is 1003800
Finished inserting - waiting for threadpool to catch up
Loaded 1270148 triples.
Finished loading data in 121.718 secs
Finished inserting - waiting for threadpool to catch up
Loaded 1269432 triples.
Finished loading data in 122.364 secs
node001: loadedTripleCount is 1100400
node001: loadedTripleCount is 1100400
node001: loadedTripleCount is 1201200
node001: loadedTripleCount is 1201200
Finished inserting - waiting for threadpool to catch up
Loaded 1270650 triples.
Finished loading data in 132.556 secs
Finished inserting - waiting for threadpool to catch up
Loaded 1271648 triples.
Finished loading data in 132.901 secs

real	2m13.718s
user	0m0.052s
sys	0m0.048s
