Started redis-server AliasDb_0 on node003:50720
Started redis-server AliasDb_1 on node003:50721
Started redis-server AliasDb_2 on node003:50722
Started redis-server AliasDb_3 on node003:50723
Started redis-server AliasDb_4 on node002:50720
Started redis-server AliasDb_5 on node002:50721
Started redis-server AliasDb_6 on node002:50722
Started redis-server AliasDb_7 on node002:50723
Started redis-server AliasDb_8 on node001:50720
Started redis-server AliasDb_9 on node001:50721
Started redis-server AliasDb_10 on node001:50722
Started redis-server AliasDb_11 on node001:50723
Started redis-server AliasDb_12 on master:50720
Started redis-server TripleDb_0 on node003:50820
Started redis-server TripleDb_1 on node003:50821
Started redis-server TripleDb_2 on node003:50822
Started redis-server TripleDb_3 on node003:50823
Started redis-server TripleDb_4 on node002:50820
Started redis-server TripleDb_5 on node002:50821
Started redis-server TripleDb_6 on node002:50822
Started redis-server TripleDb_7 on node002:50823
Started redis-server TripleDb_8 on node001:50820
Started redis-server TripleDb_9 on node001:50821
Started redis-server TripleDb_10 on node001:50822
Started redis-server TripleDb_11 on node001:50823
Started redis-server TripleDb_12 on master:50820
Loading triple data from /scratch/sgeadmin/BSBM100M/dataset2.nt
Loading triples from /scratch/sgeadmin/BSBM100M/dataset2.nt
Loading triple data from /scratch/sgeadmin/BSBM100M/dataset1.nt
Loading triples from /scratch/sgeadmin/BSBM100M/dataset1.nt
Loading triple data from /scratch/sgeadmin/BSBM100M/dataset4.nt
Loading triples from /scratch/sgeadmin/BSBM100M/dataset4.nt
Loading triple data from /scratch/sgeadmin/BSBM100M/dataset3.nt
Loading triples from /scratch/sgeadmin/BSBM100M/dataset3.nt
Loading triple data from /scratch/sgeadmin/BSBM100M/dataset8.ntLoading triple data from /scratch/sgeadmin/BSBM100M/dataset7.nt
Loading triples from /scratch/sgeadmin/BSBM100M/dataset7.nt

Loading triples from /scratch/sgeadmin/BSBM100M/dataset8.nt
Loading triple data from /scratch/sgeadmin/BSBM100M/dataset5.nt
Loading triples from /scratch/sgeadmin/BSBM100M/dataset5.nt
Loading triple data from /scratch/sgeadmin/BSBM100M/dataset6.nt
Loading triples from /scratch/sgeadmin/BSBM100M/dataset6.nt
master: loadedTripleCount is 100100
master: loadedTripleCount is 100100
node003: loadedTripleCount is 100100
node003: loadedTripleCount is 100100
node002: loadedTripleCount is 100100
node002: loadedTripleCount is 100100
node001: loadedTripleCount is 100100
node001: loadedTripleCount is 100100
master: loadedTripleCount is 200200
master: loadedTripleCount is 200200
master: loadedTripleCount is 300300
master: loadedTripleCount is 300300
node003: loadedTripleCount is 200200
node003: loadedTripleCount is 200200
node002: loadedTripleCount is 200200
node002: loadedTripleCount is 200200
node001: loadedTripleCount is 200200
node001: loadedTripleCount is 200200
master: loadedTripleCount is 400400
master: loadedTripleCount is 400400
node002: loadedTripleCount is 300300
node003: loadedTripleCount is 300300
node003: loadedTripleCount is 300300
node002: loadedTripleCount is 300300
node001: loadedTripleCount is 300300
node001: loadedTripleCount is 300300
master: loadedTripleCount is 500500
master: loadedTripleCount is 500500
node002: loadedTripleCount is 400400
node003: loadedTripleCount is 400400
node002: loadedTripleCount is 400400
node003: loadedTripleCount is 400400
master: loadedTripleCount is 600600
master: loadedTripleCount is 600600
node001: loadedTripleCount is 400400
node001: loadedTripleCount is 400400
master: loadedTripleCount is 700700
master: loadedTripleCount is 700700
node002: loadedTripleCount is 500500
node002: loadedTripleCount is 500500
node003: loadedTripleCount is 500500
node003: loadedTripleCount is 500500
node001: loadedTripleCount is 500500
node001: loadedTripleCount is 500500
master: loadedTripleCount is 800800
master: loadedTripleCount is 800800
node002: loadedTripleCount is 600600
node002: loadedTripleCount is 600600
node003: loadedTripleCount is 600600
node003: loadedTripleCount is 600600
master: loadedTripleCount is 900900
master: loadedTripleCount is 900900
node001: loadedTripleCount is 600600
node001: loadedTripleCount is 600600
node002: loadedTripleCount is 700700
master: loadedTripleCount is 1001000
node002: loadedTripleCount is 700700
master: loadedTripleCount is 1001000
node003: loadedTripleCount is 700700
node003: loadedTripleCount is 700700
node001: loadedTripleCount is 700700
node001: loadedTripleCount is 700700
master: loadedTripleCount is 1101100
master: loadedTripleCount is 1101100
node002: loadedTripleCount is 800800
node002: loadedTripleCount is 800800
node003: loadedTripleCount is 800800
node003: loadedTripleCount is 800800
master: loadedTripleCount is 1201200
master: loadedTripleCount is 1201200
node001: loadedTripleCount is 800800
node001: loadedTripleCount is 800800
node002: loadedTripleCount is 900900
node002: loadedTripleCount is 900900
node003: loadedTripleCount is 900900
node003: loadedTripleCount is 900900
master: loadedTripleCount is 1300000
master: loadedTripleCount is 1300000
node001: loadedTripleCount is 900900
node002: loadedTripleCount is 1001000
node001: loadedTripleCount is 900900
node002: loadedTripleCount is 1001000
node003: loadedTripleCount is 1001000
node003: loadedTripleCount is 1001000
master: loadedTripleCount is 1400100
master: loadedTripleCount is 1400100
node002: loadedTripleCount is 1101100
node002: loadedTripleCount is 1101100
node001: loadedTripleCount is 1001000
node001: loadedTripleCount is 1001000
master: loadedTripleCount is 1500200
master: loadedTripleCount is 1500200
node003: loadedTripleCount is 1101100
node003: loadedTripleCount is 1101100
node002: loadedTripleCount is 1201200
node002: loadedTripleCount is 1201200
master: loadedTripleCount is 1600300
master: loadedTripleCount is 1600300
node001: loadedTripleCount is 1101100
node001: loadedTripleCount is 1101100
node003: loadedTripleCount is 1201200
node003: loadedTripleCount is 1201200
master: loadedTripleCount is 1700400
node002: loadedTripleCount is 1300000
master: loadedTripleCount is 1700400
node002: loadedTripleCount is 1300000
node001: loadedTripleCount is 1201200
node001: loadedTripleCount is 1201200
node003: loadedTripleCount is 1300000
node003: loadedTripleCount is 1300000
master: loadedTripleCount is 1800500
master: loadedTripleCount is 1800500
node002: loadedTripleCount is 1400100
node002: loadedTripleCount is 1400100
node001: loadedTripleCount is 1300000
node001: loadedTripleCount is 1300000
node003: loadedTripleCount is 1400100
node003: loadedTripleCount is 1400100
master: loadedTripleCount is 1900600
master: loadedTripleCount is 1900600
node002: loadedTripleCount is 1500200
node002: loadedTripleCount is 1500200
node003: loadedTripleCount is 1500200
node003: loadedTripleCount is 1500200
node001: loadedTripleCount is 1400100
node001: loadedTripleCount is 1400100
master: loadedTripleCount is 2000700
master: loadedTripleCount is 2000700
node002: loadedTripleCount is 1600300
node002: loadedTripleCount is 1600300
node003: loadedTripleCount is 1600300
node003: loadedTripleCount is 1600300
node001: loadedTripleCount is 1500200
master: loadedTripleCount is 2100800
master: loadedTripleCount is 2100800
node001: loadedTripleCount is 1500200
node002: loadedTripleCount is 1700400
node003: loadedTripleCount is 1700400
node003: loadedTripleCount is 1700400
node002: loadedTripleCount is 1700400
master: loadedTripleCount is 2200900
master: loadedTripleCount is 2200900
node001: loadedTripleCount is 1600300
node001: loadedTripleCount is 1600300
node002: loadedTripleCount is 1800500
node003: loadedTripleCount is 1800500
node003: loadedTripleCount is 1800500
node002: loadedTripleCount is 1800500
master: loadedTripleCount is 2301000
master: loadedTripleCount is 2301000
node001: loadedTripleCount is 1700400
node003: loadedTripleCount is 1900600
node003: loadedTripleCount is 1900600
node001: loadedTripleCount is 1700400
node002: loadedTripleCount is 1900600
node002: loadedTripleCount is 1900600
master: loadedTripleCount is 2401100
master: loadedTripleCount is 2401100
node003: loadedTripleCount is 2000700
node003: loadedTripleCount is 2000700
node001: loadedTripleCount is 1800500
node001: loadedTripleCount is 1800500
node002: loadedTripleCount is 2000700
node002: loadedTripleCount is 2000700
master: loadedTripleCount is 2501200
master: loadedTripleCount is 2501200
node003: loadedTripleCount is 2100800
node003: loadedTripleCount is 2100800
node002: loadedTripleCount is 2100800
node001: loadedTripleCount is 1900600
node001: loadedTripleCount is 1900600
node002: loadedTripleCount is 2100800
master: loadedTripleCount is 2600000
master: loadedTripleCount is 2600000
node003: loadedTripleCount is 2200900
node003: loadedTripleCount is 2200900
node002: loadedTripleCount is 2200900
node001: loadedTripleCount is 2000700
node001: loadedTripleCount is 2000700
master: loadedTripleCount is 2700100
node002: loadedTripleCount is 2200900
node003: loadedTripleCount is 2301000
node003: loadedTripleCount is 2301000
master: loadedTripleCount is 2700100
node002: loadedTripleCount is 2301000
node001: loadedTripleCount is 2100800
master: loadedTripleCount is 2800200
node003: loadedTripleCount is 2401100
node001: loadedTripleCount is 2100800
node003: loadedTripleCount is 2401100
master: loadedTripleCount is 2800200
node002: loadedTripleCount is 2301000
node002: loadedTripleCount is 2401100
master: loadedTripleCount is 2900300
node003: loadedTripleCount is 2501200
master: loadedTripleCount is 2900300
node003: loadedTripleCount is 2501200
node002: loadedTripleCount is 2401100
node001: loadedTripleCount is 2200900
node001: loadedTripleCount is 2200900
master: loadedTripleCount is 3000400
node003: loadedTripleCount is 2600000
node002: loadedTripleCount is 2501200
master: loadedTripleCount is 3000400
node003: loadedTripleCount is 2600000
node002: loadedTripleCount is 2501200
node001: loadedTripleCount is 2301000
node001: loadedTripleCount is 2301000
master: loadedTripleCount is 3100500
node003: loadedTripleCount is 2700100
node003: loadedTripleCount is 2700100
master: loadedTripleCount is 3100500
node002: loadedTripleCount is 2600000
node002: loadedTripleCount is 2600000
node001: loadedTripleCount is 2401100
node001: loadedTripleCount is 2401100
node003: loadedTripleCount is 2800200
node003: loadedTripleCount is 2800200
master: loadedTripleCount is 3200600
master: loadedTripleCount is 3200600
node002: loadedTripleCount is 2700100
node002: loadedTripleCount is 2700100
node003: loadedTripleCount is 2900300
node003: loadedTripleCount is 2900300
node001: loadedTripleCount is 2501200
master: loadedTripleCount is 3300700
node001: loadedTripleCount is 2501200
master: loadedTripleCount is 3300700
node002: loadedTripleCount is 2800200
node002: loadedTripleCount is 2800200
node003: loadedTripleCount is 3000400
node003: loadedTripleCount is 3000400
master: loadedTripleCount is 3400800
node001: loadedTripleCount is 2600000
master: loadedTripleCount is 3400800
node001: loadedTripleCount is 2600000
node002: loadedTripleCount is 2900300
node002: loadedTripleCount is 2900300
node003: loadedTripleCount is 3100500
node003: loadedTripleCount is 3100500
master: loadedTripleCount is 3500900
master: loadedTripleCount is 3500900
node001: loadedTripleCount is 2700100
node001: loadedTripleCount is 2700100
node002: loadedTripleCount is 3000400
node002: loadedTripleCount is 3000400
node003: loadedTripleCount is 3200600
node003: loadedTripleCount is 3200600
master: loadedTripleCount is 3601000
master: loadedTripleCount is 3601000
node001: loadedTripleCount is 2800200
node001: loadedTripleCount is 2800200
node002: loadedTripleCount is 3100500
node003: loadedTripleCount is 3300700
node003: loadedTripleCount is 3300700
node002: loadedTripleCount is 3100500
master: loadedTripleCount is 3701100
master: loadedTripleCount is 3701100
node001: loadedTripleCount is 2900300
node002: loadedTripleCount is 3200600
node001: loadedTripleCount is 2900300
node003: loadedTripleCount is 3400800
node003: loadedTripleCount is 3400800
master: loadedTripleCount is 3801200
node002: loadedTripleCount is 3200600
master: loadedTripleCount is 3801200
node003: loadedTripleCount is 3500900
node003: loadedTripleCount is 3500900
node001: loadedTripleCount is 3000400
node002: loadedTripleCount is 3300700
master: loadedTripleCount is 3900000
node001: loadedTripleCount is 3000400
master: loadedTripleCount is 3900000
node002: loadedTripleCount is 3300700
node003: loadedTripleCount is 3601000
node003: loadedTripleCount is 3601000
master: loadedTripleCount is 4000100
node002: loadedTripleCount is 3400800
node001: loadedTripleCount is 3100500
master: loadedTripleCount is 4000100
node001: loadedTripleCount is 3100500
node002: loadedTripleCount is 3400800
node003: loadedTripleCount is 3701100
node003: loadedTripleCount is 3701100
node003: loadedTripleCount is 3702400
master: loadedTripleCount is 4100200
master: loadedTripleCount is 4100200
node002: loadedTripleCount is 3500900
node001: loadedTripleCount is 3200600
node002: loadedTripleCount is 3500900
node001: loadedTripleCount is 3200600
node003: loadedTripleCount is 3801200
master: loadedTripleCount is 4200300
node002: loadedTripleCount is 3601000
master: loadedTripleCount is 4200300
node001: loadedTripleCount is 3300700
node002: loadedTripleCount is 3601000
node003: loadedTripleCount is 3900000
node003: loadedTripleCount is 3900000
node001: loadedTripleCount is 3300700
master: loadedTripleCount is 4300400
master: loadedTripleCount is 4300400
node002: loadedTripleCount is 3701100
node003: loadedTripleCount is 4000100
node003: loadedTripleCount is 4000100
node002: loadedTripleCount is 3701100
node001: loadedTripleCount is 3400800
node001: loadedTripleCount is 3400800
master: loadedTripleCount is 4400500
master: loadedTripleCount is 4400500
node003: loadedTripleCount is 4100200
node003: loadedTripleCount is 4100200
node002: loadedTripleCount is 3801200
node002: loadedTripleCount is 3801200
node001: loadedTripleCount is 3500900
node001: loadedTripleCount is 3500900
master: loadedTripleCount is 4500600
master: loadedTripleCount is 4500600
node003: loadedTripleCount is 4200300
node003: loadedTripleCount is 4200300
node002: loadedTripleCount is 3900000
node002: loadedTripleCount is 3900000
node001: loadedTripleCount is 3601000
master: loadedTripleCount is 4600700
node001: loadedTripleCount is 3601000
node003: loadedTripleCount is 4300400
node003: loadedTripleCount is 4300400
master: loadedTripleCount is 4600700
node002: loadedTripleCount is 4000100
node002: loadedTripleCount is 4000100
master: loadedTripleCount is 4700800
node003: loadedTripleCount is 4400500
node001: loadedTripleCount is 3701100
node003: loadedTripleCount is 4400500
master: loadedTripleCount is 4700800
node001: loadedTripleCount is 3701100
node002: loadedTripleCount is 4100200
node002: loadedTripleCount is 4100200
master: loadedTripleCount is 4800900
node003: loadedTripleCount is 4500600
node003: loadedTripleCount is 4500600
master: loadedTripleCount is 4800900
node001: loadedTripleCount is 3801200
node001: loadedTripleCount is 3801200
node002: loadedTripleCount is 4200300
node002: loadedTripleCount is 4200300
node003: loadedTripleCount is 4600700
master: loadedTripleCount is 4901000
node003: loadedTripleCount is 4600700
master: loadedTripleCount is 4901000
node001: loadedTripleCount is 3900000
node001: loadedTripleCount is 3900000
node002: loadedTripleCount is 4300400
node003: loadedTripleCount is 4700800
node002: loadedTripleCount is 4300400
node003: loadedTripleCount is 4700800
master: loadedTripleCount is 5001100
master: loadedTripleCount is 5001100
node001: loadedTripleCount is 4000100
node002: loadedTripleCount is 4400500
node001: loadedTripleCount is 4000100
node003: loadedTripleCount is 4800900
node003: loadedTripleCount is 4800900
node002: loadedTripleCount is 4400500
master: loadedTripleCount is 5101200
master: loadedTripleCount is 5101200
node001: loadedTripleCount is 4100200
node002: loadedTripleCount is 4500600
node003: loadedTripleCount is 4901000
node003: loadedTripleCount is 4901000
node001: loadedTripleCount is 4100200
master: loadedTripleCount is 5200000
node002: loadedTripleCount is 4500600
master: loadedTripleCount is 5200000
node003: loadedTripleCount is 5001100
node003: loadedTripleCount is 5001100
node002: loadedTripleCount is 4600700
node001: loadedTripleCount is 4200300
master: loadedTripleCount is 5300100
node001: loadedTripleCount is 4200300
node002: loadedTripleCount is 4600700
master: loadedTripleCount is 5300100
node003: loadedTripleCount is 5101200
node003: loadedTripleCount is 5101200
node002: loadedTripleCount is 4700800
master: loadedTripleCount is 5400200
node001: loadedTripleCount is 4300400
master: loadedTripleCount is 5400200
node001: loadedTripleCount is 4300400
node002: loadedTripleCount is 4700800
node003: loadedTripleCount is 5200000
node003: loadedTripleCount is 5200000
master: loadedTripleCount is 5500300
node002: loadedTripleCount is 4800900
node001: loadedTripleCount is 4400500
master: loadedTripleCount is 5500300
node001: loadedTripleCount is 4400500
node002: loadedTripleCount is 4800900
node003: loadedTripleCount is 5300100
node003: loadedTripleCount is 5300100
master: loadedTripleCount is 5600400
node002: loadedTripleCount is 4901000
master: loadedTripleCount is 5600400
node001: loadedTripleCount is 4500600
node002: loadedTripleCount is 4901000
node003: loadedTripleCount is 5400200
node001: loadedTripleCount is 4500600
node003: loadedTripleCount is 5400200
master: loadedTripleCount is 5700500
node002: loadedTripleCount is 5001100
master: loadedTripleCount is 5700500
node003: loadedTripleCount is 5500300
node003: loadedTripleCount is 5500300
node001: loadedTripleCount is 4600700
node002: loadedTripleCount is 5001100
node001: loadedTripleCount is 4600700
master: loadedTripleCount is 5800600
master: loadedTripleCount is 5800600
node003: loadedTripleCount is 5600400
node002: loadedTripleCount is 5101200
node003: loadedTripleCount is 5600400
node001: loadedTripleCount is 4700800
node002: loadedTripleCount is 5101200
node001: loadedTripleCount is 4700800
master: loadedTripleCount is 5900700
master: loadedTripleCount is 5900700
node003: loadedTripleCount is 5700500
node003: loadedTripleCount is 5700500
node002: loadedTripleCount is 5200000
node002: loadedTripleCount is 5200000
node001: loadedTripleCount is 4800900
master: loadedTripleCount is 6000800
node001: loadedTripleCount is 4800900
master: loadedTripleCount is 6000800
node003: loadedTripleCount is 5800600
node003: loadedTripleCount is 5800600
node002: loadedTripleCount is 5300100
master: loadedTripleCount is 6100900
node002: loadedTripleCount is 5300100
node001: loadedTripleCount is 4901000
master: loadedTripleCount is 6100900
node001: loadedTripleCount is 4901000
node003: loadedTripleCount is 5900700
node003: loadedTripleCount is 5900700
node002: loadedTripleCount is 5400200
master: loadedTripleCount is 6201000
node002: loadedTripleCount is 5400200
master: loadedTripleCount is 6201000
node001: loadedTripleCount is 5001100
node003: loadedTripleCount is 6000800
node003: loadedTripleCount is 6000800
node001: loadedTripleCount is 5001100
node002: loadedTripleCount is 5500300
master: loadedTripleCount is 6301100
master: loadedTripleCount is 6301100
node002: loadedTripleCount is 5500300
node003: loadedTripleCount is 6100900
node003: loadedTripleCount is 6100900
node001: loadedTripleCount is 5101200
node001: loadedTripleCount is 5101200
master: loadedTripleCount is 6401200
node002: loadedTripleCount is 5600400
master: loadedTripleCount is 6401200
node002: loadedTripleCount is 5600400
node003: loadedTripleCount is 6201000
node003: loadedTripleCount is 6201000
node001: loadedTripleCount is 5200000
master: loadedTripleCount is 6500000
node001: loadedTripleCount is 5200000
master: loadedTripleCount is 6500000
node002: loadedTripleCount is 5700500
node003: loadedTripleCount is 6301100
node003: loadedTripleCount is 6301100
node002: loadedTripleCount is 5700500
master: loadedTripleCount is 6600100
master: loadedTripleCount is 6600100
node001: loadedTripleCount is 5300100
node002: loadedTripleCount is 5800600
node001: loadedTripleCount is 5300100
node003: loadedTripleCount is 6401200
node003: loadedTripleCount is 6401200
node002: loadedTripleCount is 5800600
master: loadedTripleCount is 6700200
master: loadedTripleCount is 6700200
node001: loadedTripleCount is 5400200
node003: loadedTripleCount is 6500000
node002: loadedTripleCount is 5900700
node003: loadedTripleCount is 6500000
node001: loadedTripleCount is 5400200
node002: loadedTripleCount is 5900700
master: loadedTripleCount is 6800300
master: loadedTripleCount is 6800300
node003: loadedTripleCount is 6600100
node003: loadedTripleCount is 6600100
node001: loadedTripleCount is 5500300
node002: loadedTripleCount is 6000800
node001: loadedTripleCount is 5500300
master: loadedTripleCount is 6900400
node002: loadedTripleCount is 6000800
master: loadedTripleCount is 6900400
node003: loadedTripleCount is 6700200
node003: loadedTripleCount is 6700200
node001: loadedTripleCount is 5600400
node002: loadedTripleCount is 6100900
master: loadedTripleCount is 7000500
node001: loadedTripleCount is 5600400
master: loadedTripleCount is 7000500
node002: loadedTripleCount is 6100900
node003: loadedTripleCount is 6800300
node003: loadedTripleCount is 6800300
node002: loadedTripleCount is 6201000
master: loadedTripleCount is 7100600
node001: loadedTripleCount is 5700500
master: loadedTripleCount is 7100600
node002: loadedTripleCount is 6201000
node001: loadedTripleCount is 5700500
node003: loadedTripleCount is 6900400
node003: loadedTripleCount is 6900400
master: loadedTripleCount is 7200700
node002: loadedTripleCount is 6301100
master: loadedTripleCount is 7200700
node003: loadedTripleCount is 7000500
node001: loadedTripleCount is 5800600
node003: loadedTripleCount is 7000500
node002: loadedTripleCount is 6301100
node001: loadedTripleCount is 5800600
master: loadedTripleCount is 7300800
master: loadedTripleCount is 7300800
node002: loadedTripleCount is 6401200
node003: loadedTripleCount is 7100600
node003: loadedTripleCount is 7100600
node001: loadedTripleCount is 5900700
node002: loadedTripleCount is 6401200
node001: loadedTripleCount is 5900700
master: loadedTripleCount is 7400900
master: loadedTripleCount is 7400900
node003: loadedTripleCount is 7200700
node003: loadedTripleCount is 7200700
node002: loadedTripleCount is 6500000
node001: loadedTripleCount is 6000800
node002: loadedTripleCount is 6500000
node001: loadedTripleCount is 6000800
master: loadedTripleCount is 7501000
master: loadedTripleCount is 7501000
node003: loadedTripleCount is 7300800
node003: loadedTripleCount is 7300800
node002: loadedTripleCount is 6600100
node001: loadedTripleCount is 6100900
node002: loadedTripleCount is 6600100
master: loadedTripleCount is 7601100
master: loadedTripleCount is 7601100
node001: loadedTripleCount is 6100900
node003: loadedTripleCount is 7400900
node003: loadedTripleCount is 7400900
node002: loadedTripleCount is 6700200
master: loadedTripleCount is 7701200
node002: loadedTripleCount is 6700200
node001: loadedTripleCount is 6201000
node003: loadedTripleCount is 7501000
master: loadedTripleCount is 7701200
node003: loadedTripleCount is 7501000
node001: loadedTripleCount is 6201000
node002: loadedTripleCount is 6800300
master: loadedTripleCount is 7800000
node003: loadedTripleCount is 7601100
master: loadedTripleCount is 7800000
node003: loadedTripleCount is 7601100
node002: loadedTripleCount is 6800300
node001: loadedTripleCount is 6301100
node001: loadedTripleCount is 6301100
node002: loadedTripleCount is 6900400
master: loadedTripleCount is 7900100
node003: loadedTripleCount is 7701200
master: loadedTripleCount is 7900100
node003: loadedTripleCount is 7701200
node002: loadedTripleCount is 6900400
node001: loadedTripleCount is 6401200
master: loadedTripleCount is 8000200
node001: loadedTripleCount is 6401200
node002: loadedTripleCount is 7000500
node003: loadedTripleCount is 7800000
node003: loadedTripleCount is 7800000
master: loadedTripleCount is 8000200
node002: loadedTripleCount is 7000500
node001: loadedTripleCount is 6500000
master: loadedTripleCount is 8100300
node003: loadedTripleCount is 7900100
node003: loadedTripleCount is 7900100
node002: loadedTripleCount is 7100600
node001: loadedTripleCount is 6500000
master: loadedTripleCount is 8100300
node002: loadedTripleCount is 7100600
master: loadedTripleCount is 8200400
node003: loadedTripleCount is 8000200
node003: loadedTripleCount is 8000200
master: loadedTripleCount is 8200400
node001: loadedTripleCount is 6600100
node002: loadedTripleCount is 7200700
node001: loadedTripleCount is 6600100
node002: loadedTripleCount is 7200700
master: loadedTripleCount is 8300500
node003: loadedTripleCount is 8100300
node003: loadedTripleCount is 8100300
master: loadedTripleCount is 8300500
node002: loadedTripleCount is 7300800
node001: loadedTripleCount is 6700200
node001: loadedTripleCount is 6700200
node002: loadedTripleCount is 7300800
master: loadedTripleCount is 8400600
node003: loadedTripleCount is 8200400
node003: loadedTripleCount is 8200400
master: loadedTripleCount is 8400600
node002: loadedTripleCount is 7400900
node001: loadedTripleCount is 6800300
master: loadedTripleCount is 8500700
node003: loadedTripleCount is 8300500
node001: loadedTripleCount is 6800300
node002: loadedTripleCount is 7400900
node003: loadedTripleCount is 8300500
master: loadedTripleCount is 8500700
node002: loadedTripleCount is 7501000
master: loadedTripleCount is 8600800
node001: loadedTripleCount is 6900400
node003: loadedTripleCount is 8400600
node003: loadedTripleCount is 8400600
master: loadedTripleCount is 8600800
node001: loadedTripleCount is 6900400
node002: loadedTripleCount is 7501000
master: loadedTripleCount is 8700900
master: loadedTripleCount is 8700900
node003: loadedTripleCount is 8500700
node002: loadedTripleCount is 7601100
node003: loadedTripleCount is 8500700
node001: loadedTripleCount is 7000500
master: loadedTripleCount is 8801000
node002: loadedTripleCount is 7601100
node001: loadedTripleCount is 7000500
master: loadedTripleCount is 8801000
node002: loadedTripleCount is 7701200
node003: loadedTripleCount is 8600800
node003: loadedTripleCount is 8600800
master: loadedTripleCount is 8901100
node001: loadedTripleCount is 7100600
node002: loadedTripleCount is 7701200
node001: loadedTripleCount is 7100600
master: loadedTripleCount is 8901100
node002: loadedTripleCount is 7800000
node003: loadedTripleCount is 8700900
master: loadedTripleCount is 9001200
node001: loadedTripleCount is 7200700
node002: loadedTripleCount is 7800000
node003: loadedTripleCount is 8700900
node001: loadedTripleCount is 7200700
master: loadedTripleCount is 9001200
node002: loadedTripleCount is 7900100
node001: loadedTripleCount is 7300800
master: loadedTripleCount is 9100000
node002: loadedTripleCount is 7900100
node003: loadedTripleCount is 8801000
node001: loadedTripleCount is 7300800
node003: loadedTripleCount is 8801000
master: loadedTripleCount is 9100000
node002: loadedTripleCount is 8000200
node001: loadedTripleCount is 7400900
master: loadedTripleCount is 9200100
node002: loadedTripleCount is 8000200
node001: loadedTripleCount is 7400900
master: loadedTripleCount is 9200100
node003: loadedTripleCount is 8901100
node003: loadedTripleCount is 8901100
node002: loadedTripleCount is 8100300
node001: loadedTripleCount is 7501000
node002: loadedTripleCount is 8100300
master: loadedTripleCount is 9300200
node001: loadedTripleCount is 7501000
master: loadedTripleCount is 9300200
node003: loadedTripleCount is 9001200
node002: loadedTripleCount is 8200400
node003: loadedTripleCount is 9001200
node001: loadedTripleCount is 7601100
node002: loadedTripleCount is 8200400
master: loadedTripleCount is 9400300
node001: loadedTripleCount is 7601100
master: loadedTripleCount is 9400300
node002: loadedTripleCount is 8300500
node003: loadedTripleCount is 9100000
node001: loadedTripleCount is 7701200
node003: loadedTripleCount is 9100000
node002: loadedTripleCount is 8300500
node001: loadedTripleCount is 7701200
master: loadedTripleCount is 9500400
master: loadedTripleCount is 9500400
node002: loadedTripleCount is 8400600
node003: loadedTripleCount is 9200100
node001: loadedTripleCount is 7800000
node003: loadedTripleCount is 9200100
node002: loadedTripleCount is 8400600
node001: loadedTripleCount is 7800000
master: loadedTripleCount is 9600500
master: loadedTripleCount is 9600500
node002: loadedTripleCount is 8500700
node001: loadedTripleCount is 7900100
node002: loadedTripleCount is 8500700
node001: loadedTripleCount is 7900100
node003: loadedTripleCount is 9300200
master: loadedTripleCount is 9700600
node003: loadedTripleCount is 9300200
master: loadedTripleCount is 9700600
node002: loadedTripleCount is 8600800
node001: loadedTripleCount is 8000200
node001: loadedTripleCount is 8000200
node002: loadedTripleCount is 8600800
master: loadedTripleCount is 9800700
node003: loadedTripleCount is 9400300
node003: loadedTripleCount is 9400300
master: loadedTripleCount is 9800700
node001: loadedTripleCount is 8100300
node002: loadedTripleCount is 8700900
node001: loadedTripleCount is 8100300
master: loadedTripleCount is 9900800
node002: loadedTripleCount is 8700900
node003: loadedTripleCount is 9500400
node001: loadedTripleCount is 8200400
master: loadedTripleCount is 9900800
node003: loadedTripleCount is 9500400
node001: loadedTripleCount is 8200400
node002: loadedTripleCount is 8801000
master: loadedTripleCount is 10000900
node002: loadedTripleCount is 8801000
node001: loadedTripleCount is 8300500
master: loadedTripleCount is 10000900
node001: loadedTripleCount is 8300500
node003: loadedTripleCount is 9600500
node002: loadedTripleCount is 8901100
node003: loadedTripleCount is 9600500
master: loadedTripleCount is 10101000
node001: loadedTripleCount is 8400600
node002: loadedTripleCount is 8901100
node001: loadedTripleCount is 8400600
master: loadedTripleCount is 10101000
node003: loadedTripleCount is 9700600
node002: loadedTripleCount is 9001200
node003: loadedTripleCount is 9700600
node001: loadedTripleCount is 8500700
master: loadedTripleCount is 10201100
node002: loadedTripleCount is 9001200
node001: loadedTripleCount is 8500700
master: loadedTripleCount is 10201100
node003: loadedTripleCount is 9800700
node002: loadedTripleCount is 9100000
node003: loadedTripleCount is 9800700
node001: loadedTripleCount is 8600800
master: loadedTripleCount is 10301200
node001: loadedTripleCount is 8600800
master: loadedTripleCount is 10301200
node002: loadedTripleCount is 9100000
node003: loadedTripleCount is 9900800
node002: loadedTripleCount is 9200100
node003: loadedTripleCount is 9900800
node001: loadedTripleCount is 8700900
master: loadedTripleCount is 10400000
node001: loadedTripleCount is 8700900
master: loadedTripleCount is 10400000
node002: loadedTripleCount is 9200100
node003: loadedTripleCount is 10000900
node002: loadedTripleCount is 9300200
master: loadedTripleCount is 10500100
node001: loadedTripleCount is 8801000
node003: loadedTripleCount is 10000900
master: loadedTripleCount is 10500100
node001: loadedTripleCount is 8801000
node002: loadedTripleCount is 9300200
master: loadedTripleCount is 10600200
node002: loadedTripleCount is 9400300
node003: loadedTripleCount is 10101000
node001: loadedTripleCount is 8901100
node003: loadedTripleCount is 10101000
master: loadedTripleCount is 10600200
node001: loadedTripleCount is 8901100
node002: loadedTripleCount is 9400300
master: loadedTripleCount is 10700300
node001: loadedTripleCount is 9001200
node002: loadedTripleCount is 9500400
node003: loadedTripleCount is 10201100
master: loadedTripleCount is 10700300
node001: loadedTripleCount is 9001200
node003: loadedTripleCount is 10201100
node002: loadedTripleCount is 9500400
master: loadedTripleCount is 10800400
node001: loadedTripleCount is 9100000
node002: loadedTripleCount is 9600500
master: loadedTripleCount is 10800400
node003: loadedTripleCount is 10301200
node001: loadedTripleCount is 9100000
node003: loadedTripleCount is 10301200
node002: loadedTripleCount is 9600500
master: loadedTripleCount is 10900500
node001: loadedTripleCount is 9200100
master: loadedTripleCount is 10900500
node002: loadedTripleCount is 9700600
node001: loadedTripleCount is 9200100
node003: loadedTripleCount is 10400000
node003: loadedTripleCount is 10400000
master: loadedTripleCount is 11000600
node002: loadedTripleCount is 9700600
node001: loadedTripleCount is 9300200
master: loadedTripleCount is 11000600
node002: loadedTripleCount is 9800700
node001: loadedTripleCount is 9300200
node003: loadedTripleCount is 10500100
node003: loadedTripleCount is 10500100
master: loadedTripleCount is 11100700
node002: loadedTripleCount is 9800700
master: loadedTripleCount is 11100700
node001: loadedTripleCount is 9400300
node002: loadedTripleCount is 9900800
node001: loadedTripleCount is 9400300
node003: loadedTripleCount is 10600200
master: loadedTripleCount is 11200800
node003: loadedTripleCount is 10600200
node002: loadedTripleCount is 9900800
master: loadedTripleCount is 11200800
node001: loadedTripleCount is 9500400
node001: loadedTripleCount is 9500400
node002: loadedTripleCount is 10000900
node003: loadedTripleCount is 10700300
master: loadedTripleCount is 11300900
node003: loadedTripleCount is 10700300
node002: loadedTripleCount is 10000900
master: loadedTripleCount is 11300900
node001: loadedTripleCount is 9600500
node001: loadedTripleCount is 9600500
node002: loadedTripleCount is 10101000
master: loadedTripleCount is 11401000
node003: loadedTripleCount is 10800400
node003: loadedTripleCount is 10800400
master: loadedTripleCount is 11401000
node001: loadedTripleCount is 9700600
node002: loadedTripleCount is 10101000
node001: loadedTripleCount is 9700600
node002: loadedTripleCount is 10201100
master: loadedTripleCount is 11501100
node003: loadedTripleCount is 10900500
master: loadedTripleCount is 11501100
node003: loadedTripleCount is 10900500
node001: loadedTripleCount is 9800700
node002: loadedTripleCount is 10201100
node001: loadedTripleCount is 9800700
master: loadedTripleCount is 11601200
node002: loadedTripleCount is 10301200
master: loadedTripleCount is 11601200
node003: loadedTripleCount is 11000600
node001: loadedTripleCount is 9900800
node003: loadedTripleCount is 11000600
node002: loadedTripleCount is 10301200
master: loadedTripleCount is 11700000
node001: loadedTripleCount is 9900800
node002: loadedTripleCount is 10400000
master: loadedTripleCount is 11700000
node003: loadedTripleCount is 11100700
node001: loadedTripleCount is 10000900
node003: loadedTripleCount is 11100700
node002: loadedTripleCount is 10400000
master: loadedTripleCount is 11800100
node001: loadedTripleCount is 10000900
master: loadedTripleCount is 11800100
node002: loadedTripleCount is 10500100
node001: loadedTripleCount is 10101000
node003: loadedTripleCount is 11200800
node003: loadedTripleCount is 11200800
master: loadedTripleCount is 11900200
node002: loadedTripleCount is 10500100
node001: loadedTripleCount is 10101000
master: loadedTripleCount is 11900200
node002: loadedTripleCount is 10600200
node001: loadedTripleCount is 10201100
master: loadedTripleCount is 12000300
node003: loadedTripleCount is 11300900
node003: loadedTripleCount is 11300900
node001: loadedTripleCount is 10201100
node002: loadedTripleCount is 10600200
master: loadedTripleCount is 12000300
node002: loadedTripleCount is 10700300
node001: loadedTripleCount is 10301200
master: loadedTripleCount is 12100400
node003: loadedTripleCount is 11401000
node003: loadedTripleCount is 11401000
node001: loadedTripleCount is 10301200
node002: loadedTripleCount is 10700300
master: loadedTripleCount is 12100400
node002: loadedTripleCount is 10800400
node001: loadedTripleCount is 10400000
master: loadedTripleCount is 12200500
node001: loadedTripleCount is 10400000
node003: loadedTripleCount is 11501100
node003: loadedTripleCount is 11501100
master: loadedTripleCount is 12200500
node002: loadedTripleCount is 10800400
node001: loadedTripleCount is 10500100
node002: loadedTripleCount is 10900500
master: loadedTripleCount is 12300600
node001: loadedTripleCount is 10500100
node003: loadedTripleCount is 11601200
node003: loadedTripleCount is 11601200
master: loadedTripleCount is 12300600
node002: loadedTripleCount is 10900500
node001: loadedTripleCount is 10600200
master: loadedTripleCount is 12400700
node002: loadedTripleCount is 11000600
node001: loadedTripleCount is 10600200
node003: loadedTripleCount is 11700000
master: loadedTripleCount is 12400700
node003: loadedTripleCount is 11700000
node002: loadedTripleCount is 11000600
master: loadedTripleCount is 12500800
node001: loadedTripleCount is 10700300
node002: loadedTripleCount is 11100700
node001: loadedTripleCount is 10700300
master: loadedTripleCount is 12500800
node003: loadedTripleCount is 11800100
node003: loadedTripleCount is 11800100
Finished inserting - waiting for threadpool to catch up
Loaded 12579755 triples.
Finished loading data in 1390.582 secs
node002: loadedTripleCount is 11100700
node001: loadedTripleCount is 10800400
node002: loadedTripleCount is 11200800
Finished inserting - waiting for threadpool to catch up
Loaded 12582286 triples.
Finished loading data in 1394.258 secs
node001: loadedTripleCount is 10800400
node003: loadedTripleCount is 11900200
node003: loadedTripleCount is 11900200
node002: loadedTripleCount is 11200800
node001: loadedTripleCount is 10900500
node002: loadedTripleCount is 11300900
node001: loadedTripleCount is 10900500
node003: loadedTripleCount is 12000300
node003: loadedTripleCount is 12000300
node002: loadedTripleCount is 11300900
node001: loadedTripleCount is 11000600
node002: loadedTripleCount is 11401000
node001: loadedTripleCount is 11000600
node003: loadedTripleCount is 12100400
node003: loadedTripleCount is 12100400
node002: loadedTripleCount is 11401000
node001: loadedTripleCount is 11100700
node002: loadedTripleCount is 11501100
node001: loadedTripleCount is 11100700
node003: loadedTripleCount is 12200500
node003: loadedTripleCount is 12200500
node002: loadedTripleCount is 11501100
node001: loadedTripleCount is 11200800
node002: loadedTripleCount is 11601200
node001: loadedTripleCount is 11200800
node003: loadedTripleCount is 12300600
node003: loadedTripleCount is 12300600
node002: loadedTripleCount is 11601200
node001: loadedTripleCount is 11300900
node002: loadedTripleCount is 11700000
node001: loadedTripleCount is 11300900
node003: loadedTripleCount is 12400700
node003: loadedTripleCount is 12400700
node001: loadedTripleCount is 11401000
node002: loadedTripleCount is 11700000
node002: loadedTripleCount is 11800100
node001: loadedTripleCount is 11401000
node003: loadedTripleCount is 12500800
node003: loadedTripleCount is 12500800
node001: loadedTripleCount is 11501100
node002: loadedTripleCount is 11800100
node002: loadedTripleCount is 11900200
node001: loadedTripleCount is 11501100
Finished inserting - waiting for threadpool to catch up
Loaded 12581428 triples.
Finished loading data in 1468.99 secs
Finished inserting - waiting for threadpool to catch up
Loaded 12579850 triples.
Finished loading data in 1469.155 secs
node001: loadedTripleCount is 11601200
node002: loadedTripleCount is 11900200
node002: loadedTripleCount is 12000300
node001: loadedTripleCount is 11601200
node002: loadedTripleCount is 12000300
node001: loadedTripleCount is 11700000
node002: loadedTripleCount is 12100400
node001: loadedTripleCount is 11700000
node002: loadedTripleCount is 12100400
node001: loadedTripleCount is 11800100
node002: loadedTripleCount is 12200500
node001: loadedTripleCount is 11800100
node002: loadedTripleCount is 12200500
node002: loadedTripleCount is 12300600
node001: loadedTripleCount is 11900200
node001: loadedTripleCount is 11900200
node002: loadedTripleCount is 12300600
node002: loadedTripleCount is 12400700
node001: loadedTripleCount is 12000300
node001: loadedTripleCount is 12000300
node002: loadedTripleCount is 12400700
node002: loadedTripleCount is 12500800
node001: loadedTripleCount is 12100400
node001: loadedTripleCount is 12100400
Finished inserting - waiting for threadpool to catch up
Loaded 12581123 triples.
Finished loading data in 1509.762 secs
node002: loadedTripleCount is 12500800
node001: loadedTripleCount is 12200500
Finished inserting - waiting for threadpool to catch up
Loaded 12584640 triples.
Finished loading data in 1513.888 secs
node001: loadedTripleCount is 12200500
node001: loadedTripleCount is 12300600
node001: loadedTripleCount is 12300600
node001: loadedTripleCount is 12400700
node001: loadedTripleCount is 12400700
node001: loadedTripleCount is 12500800
node001: loadedTripleCount is 12500800
Finished inserting - waiting for threadpool to catch up
Loaded 12582220 triples.
Finished loading data in 1533.755 secs
Finished inserting - waiting for threadpool to catch up
Loaded 12581734 triples.
Finished loading data in 1535.086 secs

real	25m36.776s
user	0m0.076s
sys	0m0.088s
